[INFO:sockeye.utils] Sockeye version 1.12.3 commit unknown
[INFO:sockeye.utils] MXNet version 0.12.1
[INFO:sockeye.utils] Command: /home/armageddonknight/Workspace/EcoRNN/EcoNMT/benchmarks/sockeye/sockeye/train.py --source /home/armageddonknight/Workspace/EcoRNN/EcoNMT/benchmarks/sockeye/workspace/data/iwslt15-vi_en/train-preproc.vi --target /home/armageddonknight/Workspace/EcoRNN/EcoNMT/benchmarks/sockeye/workspace/data/iwslt15-vi_en/train-preproc.en --source-vocab /home/armageddonknight/Workspace/EcoRNN/EcoNMT/benchmarks/sockeye/workspace/data/iwslt15-vi_en/vocab.vi --target-vocab /home/armageddonknight/Workspace/EcoRNN/EcoNMT/benchmarks/sockeye/workspace/data/iwslt15-vi_en/vocab.en --validation-source /home/armageddonknight/Workspace/EcoRNN/EcoNMT/benchmarks/sockeye/workspace/data/iwslt15-vi_en/tst2012.vi --validation-target /home/armageddonknight/Workspace/EcoRNN/EcoNMT/benchmarks/sockeye/workspace/data/iwslt15-vi_en/tst2012.en --output /home/armageddonknight/Workspace/EcoRNN/EcoNMT/benchmarks/sockeye/workspace/iwslt15-vi_en --seed=1 --batch-type=sentence --batch-size=80 --bucket-width=10 --checkpoint-frequency=2000 --device-ids=0 --embed-dropout=0.3:0.3 --encoder=rnn --decoder=rnn --num-layers=1:1 --rnn-cell-type=lstm --rnn-num-hidden=1000 --rnn-residual-connections --layer-normalization --rnn-attention-type=mlp --rnn-attention-num-hidden=512 --rnn-attention-use-prev-word --rnn-attention-in-upper-layers --rnn-attention-coverage-num-hidden=1 --rnn-attention-coverage-type=count --rnn-decoder-state-init=zero --rnn-attention-use-prev-word --rnn-dropout-inputs=0:0 --rnn-dropout-states=0.0:0.0 --rnn-dropout-recurrent=0.0:0.0 --rnn-decoder-hidden-dropout=0.3 --fill-up=replicate --max-seq-len=50:50 --loss=cross-entropy --num-embed 500:500 --num-words 50000:50000 --word-min-count 1:1 --optimizer=adam --optimized-metric=perplexity --clip-gradient=1.0 --initial-learning-rate=0.0002 --learning-rate-reduce-num-not-improved=8 --learning-rate-reduce-factor=0.7 --learning-rate-scheduler-type=plateau-reduce --learning-rate-warmup=0 --max-num-checkpoint-not-improved=16 --min-num-epochs=1 --monitor-bleu=500 --keep-last-params=60 --lock-dir /var/lock --use-tensorboard --max-updates=500
[INFO:sockeye.utils] Arguments: Namespace(batch_size=80, batch_type='sentence', bucket_width=10, checkpoint_frequency=2000, clip_gradient=1.0, cnn_activation_type='glu', cnn_hidden_dropout=0.0, cnn_kernel_width=(3, 5), cnn_num_hidden=512, cnn_positional_embedding_type='learned', cnn_project_qkv=False, conv_embed_add_positional_encodings=False, conv_embed_dropout=0.0, conv_embed_max_filter_width=8, conv_embed_num_filters=(200, 200, 250, 250, 300, 300, 300, 300), conv_embed_num_highway_layers=4, conv_embed_output_dim=None, conv_embed_pool_stride=5, decoder='rnn', device_ids=[0], disable_device_locking=False, embed_dropout=(0.3, 0.3), embed_weight_init='default', encoder='rnn', fill_up='replicate', initial_learning_rate=0.0002, keep_last_params=60, kvstore='device', label_smoothing=0.0, layer_normalization=True, learn_lexical_bias=False, learning_rate_decay_optimizer_states_reset='off', learning_rate_decay_param_reset=False, learning_rate_half_life=10, learning_rate_reduce_factor=0.7, learning_rate_reduce_num_not_improved=8, learning_rate_schedule=None, learning_rate_scheduler_type='plateau-reduce', learning_rate_warmup=0, lexical_bias=None, limit=None, lock_dir='/var/lock', loss='cross-entropy', loss_normalization_type='valid', max_num_checkpoint_not_improved=16, max_num_epochs=None, max_seq_len=(50, 50), max_updates=500, metrics=['perplexity'], min_num_epochs=1, momentum=None, monitor_bleu=500, monitor_pattern=None, monitor_stat_func='mx_default', no_bucketing=False, num_embed=(500, 500), num_layers=(1, 1), num_words=(50000, 50000), optimized_metric='perplexity', optimizer='adam', optimizer_params=None, output='/home/armageddonknight/Workspace/EcoRNN/EcoNMT/benchmarks/sockeye/workspace/iwslt15-vi_en', overwrite_output=False, params=None, quiet=False, rnn_attention_coverage_num_hidden=1, rnn_attention_coverage_type='count', rnn_attention_in_upper_layers=True, rnn_attention_mhdot_heads=None, rnn_attention_num_hidden=512, rnn_attention_partial_fw_prop=False, rnn_attention_type='mlp', rnn_attention_use_prev_word=True, rnn_cell_type='lstm', rnn_context_gating=False, rnn_decoder_hidden_dropout=0.3, rnn_decoder_state_init='zero', rnn_dropout_inputs=(0.0, 0.0), rnn_dropout_recurrent=(0.0, 0.0), rnn_dropout_states=(0.0, 0.0), rnn_encoder_reverse_input=False, rnn_first_residual_layer=2, rnn_forget_bias=0.0, rnn_h2h_init='orthogonal', rnn_num_hidden=1000, rnn_residual_connections=True, seed=1, source='/home/armageddonknight/Workspace/EcoRNN/EcoNMT/benchmarks/sockeye/workspace/data/iwslt15-vi_en/train-preproc.vi', source_vocab='/home/armageddonknight/Workspace/EcoRNN/EcoNMT/benchmarks/sockeye/workspace/data/iwslt15-vi_en/vocab.vi', target='/home/armageddonknight/Workspace/EcoRNN/EcoNMT/benchmarks/sockeye/workspace/data/iwslt15-vi_en/train-preproc.en', target_vocab='/home/armageddonknight/Workspace/EcoRNN/EcoNMT/benchmarks/sockeye/workspace/data/iwslt15-vi_en/vocab.en', transformer_attention_heads=8, transformer_dropout_attention=0.0, transformer_dropout_prepost=0.0, transformer_dropout_relu=0.0, transformer_feed_forward_num_hidden=2048, transformer_model_size=512, transformer_positional_embedding_type='fixed', transformer_postprocess=('drn', 'drn'), transformer_preprocess=('', ''), use_cpu=False, use_fused_rnn=False, use_tensorboard=True, validation_source='/home/armageddonknight/Workspace/EcoRNN/EcoNMT/benchmarks/sockeye/workspace/data/iwslt15-vi_en/tst2012.vi', validation_target='/home/armageddonknight/Workspace/EcoRNN/EcoNMT/benchmarks/sockeye/workspace/data/iwslt15-vi_en/tst2012.en', weight_decay=0.0, weight_init='xavier', weight_init_scale=2.34, weight_init_xavier_factor_type='in', weight_normalization=False, weight_tying=False, weight_tying_type='trg_softmax', word_min_count=(1, 1))
[INFO:sockeye.utils] Attempting to acquire 1 GPUs of 1 GPUs. The requested devices are: [0]
[INFO:sockeye.utils] Acquired GPU 0.
[INFO:__main__] Device(s): GPU [0]
[INFO:sockeye.vocab] Building vocabulary from dataset(s): ['/home/armageddonknight/Workspace/EcoRNN/EcoNMT/benchmarks/sockeye/workspace/data/iwslt15-vi_en/vocab.vi']
[INFO:sockeye.vocab] Initial vocabulary: 7706 types
[INFO:sockeye.vocab] Pruned vocabulary: 7706 types (min frequency 1)
[INFO:sockeye.vocab] Final vocabulary: 7710 types (min frequency 1, top 50000 types)
[INFO:sockeye.vocab] Building vocabulary from dataset(s): ['/home/armageddonknight/Workspace/EcoRNN/EcoNMT/benchmarks/sockeye/workspace/data/iwslt15-vi_en/vocab.en']
[INFO:sockeye.vocab] Initial vocabulary: 17188 types
[INFO:sockeye.vocab] Pruned vocabulary: 17188 types (min frequency 1)
[INFO:sockeye.vocab] Final vocabulary: 17192 types (min frequency 1, top 50000 types)
[INFO:sockeye.vocab] Vocabulary saved to "/home/armageddonknight/Workspace/EcoRNN/EcoNMT/benchmarks/sockeye/workspace/iwslt15-vi_en/vocab.src.json"
[INFO:sockeye.vocab] Vocabulary saved to "/home/armageddonknight/Workspace/EcoRNN/EcoNMT/benchmarks/sockeye/workspace/iwslt15-vi_en/vocab.trg.json"
[INFO:__main__] Vocabulary sizes: source=7710 target=17192
[INFO:sockeye.data_io] Creating train data iterator
[INFO:sockeye.data_io] 133166 source sentences in '/home/armageddonknight/Workspace/EcoRNN/EcoNMT/benchmarks/sockeye/workspace/data/iwslt15-vi_en/train-preproc.vi'
[INFO:sockeye.data_io] 133166 target sentences in '/home/armageddonknight/Workspace/EcoRNN/EcoNMT/benchmarks/sockeye/workspace/data/iwslt15-vi_en/train-preproc.en'
[INFO:sockeye.data_io] Mean training target/source length ratio: 0.91 (+-0.21)
[INFO:sockeye.data_io] Source words: 2548656
[INFO:sockeye.data_io] Target words: 2229748
[INFO:sockeye.data_io] Vocab coverage source: 99%
[INFO:sockeye.data_io] Vocab coverage target: 98%
[INFO:sockeye.data_io] Total: 122154 samples in 6 buckets
[INFO:sockeye.data_io] Bucket of (10, 9) : 16949 samples in 212 batches of 80, approx 565.0 words/batch
[INFO:sockeye.data_io] Bucket of (20, 18) : 47291 samples in 592 batches of 80, approx 1024.0 words/batch
[INFO:sockeye.data_io] Bucket of (30, 27) : 30144 samples in 377 batches of 80, approx 1657.0 words/batch
[INFO:sockeye.data_io] Bucket of (40, 36) : 17519 samples in 219 batches of 80, approx 2283.7 words/batch
[INFO:sockeye.data_io] Bucket of (50, 45) : 9581 samples in 120 batches of 80, approx 2909.8 words/batch
[INFO:sockeye.data_io] Bucket of (50, 50) : 670 samples in 9 batches of 80, approx 3794.5 words/batch
[INFO:sockeye.data_io] 11012 sentence pairs out of buckets
[INFO:sockeye.data_io] fill up mode: replicate
[INFO:sockeye.data_io] 
[INFO:sockeye.data_io] Replicating 11 random sentences from bucket (10, 9) to size it to multiple of 80
[INFO:sockeye.data_io] Replicating 69 random sentences from bucket (20, 18) to size it to multiple of 80
[INFO:sockeye.data_io] Replicating 16 random sentences from bucket (30, 27) to size it to multiple of 80
[INFO:sockeye.data_io] Replicating 1 random sentences from bucket (40, 36) to size it to multiple of 80
[INFO:sockeye.data_io] Replicating 19 random sentences from bucket (50, 45) to size it to multiple of 80
[INFO:sockeye.data_io] Replicating 50 random sentences from bucket (50, 50) to size it to multiple of 80
[INFO:sockeye.data_io] Creating validation data iterator
[INFO:sockeye.data_io] Source words: 30139
[INFO:sockeye.data_io] Target words: 26226
[INFO:sockeye.data_io] Vocab coverage source: 99%
[INFO:sockeye.data_io] Vocab coverage target: 97%
[INFO:sockeye.data_io] Total: 1489 samples in 6 buckets
[INFO:sockeye.data_io] Bucket of (10, 9) : 223 samples in 3 batches of 80, approx 570.4 words/batch
[INFO:sockeye.data_io] Bucket of (20, 18) : 584 samples in 8 batches of 80, approx 1027.0 words/batch
[INFO:sockeye.data_io] Bucket of (30, 27) : 376 samples in 5 batches of 80, approx 1637.0 words/batch
[INFO:sockeye.data_io] Bucket of (40, 36) : 210 samples in 3 batches of 80, approx 2266.7 words/batch
[INFO:sockeye.data_io] Bucket of (50, 45) : 89 samples in 2 batches of 80, approx 2838.7 words/batch
[INFO:sockeye.data_io] Bucket of (50, 50) : 7 samples in 1 batches of 80, approx 3851.4 words/batch
[INFO:sockeye.data_io] 64 sentence pairs out of buckets
[INFO:sockeye.data_io] fill up mode: replicate
[INFO:sockeye.data_io] 
[INFO:sockeye.data_io] Replicating 17 random sentences from bucket (10, 9) to size it to multiple of 80
[INFO:sockeye.data_io] Replicating 56 random sentences from bucket (20, 18) to size it to multiple of 80
[INFO:sockeye.data_io] Replicating 24 random sentences from bucket (30, 27) to size it to multiple of 80
[INFO:sockeye.data_io] Replicating 30 random sentences from bucket (40, 36) to size it to multiple of 80
[INFO:sockeye.data_io] Replicating 71 random sentences from bucket (50, 45) to size it to multiple of 80
[INFO:sockeye.data_io] Replicating 73 random sentences from bucket (50, 50) to size it to multiple of 80
[INFO:sockeye.data_io] 1553 validation source sentences in '/home/armageddonknight/Workspace/EcoRNN/EcoNMT/benchmarks/sockeye/workspace/data/iwslt15-vi_en/train-preproc.vi'
[INFO:sockeye.data_io] 1553 validation target sentences in '/home/armageddonknight/Workspace/EcoRNN/EcoNMT/benchmarks/sockeye/workspace/data/iwslt15-vi_en/train-preproc.en'
[INFO:sockeye.lr_scheduler] Will reduce the learning rate by a factor of 0.70 whenever the validation score doesn't improve 8 times.
[INFO:sockeye.model] Config[_frozen=True, config_data=Config[_frozen=True, length_ratio_mean=0.9064821009611835, length_ratio_std=0.20957507036300008, max_observed_source_seq_len=50, max_observed_target_seq_len=50, source=/home/armageddonknight/Workspace/EcoRNN/EcoNMT/benchmarks/sockeye/workspace/data/iwslt15-vi_en/train-preproc.vi, target=/home/armageddonknight/Workspace/EcoRNN/EcoNMT/benchmarks/sockeye/workspace/data/iwslt15-vi_en/train-preproc.en, validation_source=/home/armageddonknight/Workspace/EcoRNN/EcoNMT/benchmarks/sockeye/workspace/data/iwslt15-vi_en/tst2012.vi, validation_target=/home/armageddonknight/Workspace/EcoRNN/EcoNMT/benchmarks/sockeye/workspace/data/iwslt15-vi_en/tst2012.en, vocab_source=/home/armageddonknight/Workspace/EcoRNN/EcoNMT/benchmarks/sockeye/workspace/data/iwslt15-vi_en/vocab.vi, vocab_target=/home/armageddonknight/Workspace/EcoRNN/EcoNMT/benchmarks/sockeye/workspace/data/iwslt15-vi_en/vocab.en], config_decoder=Config[_frozen=True, attention_config=Config[_frozen=True, config_coverage=None, input_previous_word=True, layer_normalization=True, num_heads=None, num_hidden=512, partial_fw_prop=False, query_num_hidden=1000, source_num_hidden=1000, type=mlp], attention_in_upper_layers=True, context_gating=False, embed_dropout=0.3, hidden_dropout=0.3, layer_normalization=True, max_seq_len_source=50, num_embed=500, rnn_config=Config[_frozen=True, attention_in_upper_layers=False, cell_type=lstm, dropout_inputs=0.0, dropout_recurrent=0.0, dropout_states=0.0, first_residual_layer=2, forget_bias=0.0, num_hidden=1000, num_layers=1, residual=True], state_init=zero, vocab_size=17192, weight_normalization=False, weight_tying=False], config_encoder=Config[_frozen=True, conv_config=None, embed_dropout=0.3, num_embed=500, reverse_input=False, rnn_config=Config[_frozen=True, attention_in_upper_layers=False, cell_type=lstm, dropout_inputs=0.0, dropout_recurrent=0.0, dropout_states=0.0, first_residual_layer=2, forget_bias=0.0, num_hidden=1000, num_layers=1, residual=True], vocab_size=7710], config_loss=Config[_frozen=True, label_smoothing=0.0, name=cross-entropy, normalization_type=valid, vocab_size=17192], learn_lexical_bias=False, lexical_bias=None, max_seq_len_source=50, max_seq_len_target=50, vocab_source_size=7710, vocab_target_size=17192, weight_tying=False, weight_tying_type=None]
[INFO:sockeye.loss] Loss: CrossEntropy(normalization_type=valid, label_smoothing=0.0)
[INFO:sockeye.training] Using bucketing. Default max_seq_len=(50, 50)
[INFO:__main__] Optimizer: adam
[INFO:__main__] Optimizer Parameters: {'rescale_grad': 1.0, 'learning_rate': 0.0002, 'clip_gradient': 1.0, 'wd': 0.0, 'lr_scheduler': LearningRateSchedulerPlateauReduce(reduce_factor=0.70, reduce_num_not_improved=0)}
[INFO:__main__] kvstore: device
[INFO:sockeye.model] Saved config to "/home/armageddonknight/Workspace/EcoRNN/EcoNMT/benchmarks/sockeye/workspace/iwslt15-vi_en/config"
==24375== NVPROF is profiling process 24375, command: python3 -m sockeye.train --source /home/armageddonknight/Workspace/EcoRNN/EcoNMT/benchmarks/sockeye/workspace/data/iwslt15-vi_en/train-preproc.vi --target /home/armageddonknight/Workspace/EcoRNN/EcoNMT/benchmarks/sockeye/workspace/data/iwslt15-vi_en/train
[INFO:sockeye.training] Model parameters: att_e2h_weight: (512, 1000), att_h2s_weight: (1, 512), att_norm_beta: (512,), att_norm_gamma: (512,), att_q2h_weight: (512, 1500), decoder_rnn_cls_bias: (17192,), decoder_rnn_cls_weight: (17192, 1000), decoder_rnn_hidden_bias: (1000,), decoder_rnn_hidden_norm_beta: (1000,), decoder_rnn_hidden_norm_gamma: (1000,), decoder_rnn_hidden_weight: (1000, 2000), decoder_rnn_l0_h2h_bias: (4000,), decoder_rnn_l0_h2h_weight: (4000, 1000), decoder_rnn_l0_i2h_bias: (4000,), decoder_rnn_l0_i2h_weight: (4000, 1500), encoder_birnn_forward_l0_h2h_bias: (2000,), encoder_birnn_forward_l0_h2h_weight: (2000, 500), encoder_birnn_forward_l0_i2h_bias: (2000,), encoder_birnn_forward_l0_i2h_weight: (2000, 500), encoder_birnn_reverse_l0_h2h_bias: (2000,), encoder_birnn_reverse_l0_h2h_weight: (2000, 500), encoder_birnn_reverse_l0_i2h_bias: (2000,), encoder_birnn_reverse_l0_i2h_weight: (2000, 500), source_embed_weight: (7710, 500), target_embed_weight: (17192, 500)
[INFO:sockeye.training] Total # of parameters: 46960728
[INFO:sockeye.checkpoint_decoder] Created CheckpointDecoder(max_input_len=-1, beam_size=5, model=/home/armageddonknight/Workspace/EcoRNN/EcoNMT/benchmarks/sockeye/workspace/iwslt15-vi_en, num_sentences=500)
[INFO:sockeye.training] Training started.
[WARNING:root] The currently installed MXNet version 0.12.1 is less than 1.2.0. Some functionality of MXBoard may not work.
[WARNING:root] The currently installed MXNet version 0.12.1 is less than 1.2.0. Some functionality of MXBoard may not work.
[INFO:sockeye.callback] Logging training events for Tensorboard at '/home/armageddonknight/Workspace/EcoRNN/EcoNMT/benchmarks/sockeye/workspace/iwslt15-vi_en/tensorboard'
[INFO:sockeye.callback] Early stopping by optimizing 'perplexity'
[INFO:root] Epoch[0] Batch [50]	Speed: 340.31 samples/sec	perplexity=1010.939400
[INFO:numba.cuda.cudadrv.driver] init
[INFO:root] Epoch[0] Batch [100]	Speed: 316.46 samples/sec	perplexity=651.341621
[INFO:root] Epoch[0] Batch [150]	Speed: 277.74 samples/sec	perplexity=539.753962
[INFO:root] Epoch[0] Batch [200]	Speed: 344.36 samples/sec	perplexity=476.432881
[INFO:root] Epoch[0] Batch [250]	Speed: 370.12 samples/sec	perplexity=428.513885
[INFO:root] Epoch[0] Batch [300]	Speed: 338.29 samples/sec	perplexity=390.055149
[INFO:root] Epoch[0] Batch [350]	Speed: 353.53 samples/sec	perplexity=357.040339
[INFO:root] Epoch[0] Batch [400]	Speed: 312.19 samples/sec	perplexity=325.596613
[INFO:root] Epoch[0] Batch [450]	Speed: 334.96 samples/sec	perplexity=299.594736
[INFO:sockeye.training] Maximum # of updates (500) or epochs (None) reached.
[INFO:sockeye.training] Training stopped
[INFO:sockeye.training] Training finished. Best checkpoint: 0. Best validation perplexity: inf
[INFO:sockeye.utils] Releasing GPU 0.
==24375== Profiling application: python3 -m sockeye.train --source /home/armageddonknight/Workspace/EcoRNN/EcoNMT/benchmarks/sockeye/workspace/data/iwslt15-vi_en/train-preproc.vi --target /home/armageddonknight/Workspace/EcoRNN/EcoNMT/benchmarks/sockeye/workspace/data/iwslt15-vi_en/train
==24375== Profiling result:
            Type  Time(%)      Time     Calls       Avg       Min       Max  Name
 GPU activities:   41.19%  62.587ms         4  15.647ms  15.234ms  16.063ms  _ZN5mxnet2op8mxnet_op20mxnet_generic_kernelINS0_13ReverseKernelEJPfS4_NS_9OpReqTypeEjjjjPKfEEEviDpT0_
                   11.46%  17.417ms       135  129.01us  42.754us  384.43us  maxwell_sgemm_128x64_tn
                    8.50%  12.912ms       135  95.647us  29.153us  3.9294ms  sgemm_128x128x8_TN_vec
                    5.44%  8.2582ms       131  63.039us  24.384us  172.36us  sgemm_32x32x32_NN_vec
                    3.53%  5.3654ms         2  2.6827ms  192.20us  5.1732ms  sgemm_128x128x8_NN_vec
                    2.82%  4.2895ms         1  4.2895ms  4.2895ms  4.2895ms  sgemm_128x128x8_NT_vec
                    1.58%  2.4036ms        54  44.510us  13.313us  359.50us  sgemm_32x32x32_NT_vec
                    1.50%  2.2748ms        72  31.595us  10.496us  56.897us  void mxnet::op::broadcast::reduce_kernel<mshadow::red::sum, int=2, float, mshadow::op::mul, mxnet::op::mshadow_op::left, int=2>(int, int, bool, float const *, float const , float const , mxnet::op::broadcast::reduce_kernel<mshadow::red::sum, int=2, float, mshadow::op::mul, mxnet::op::mshadow_op::left, int=2>*, mshadow::Shape<int=2>, mshadow::Shape, mshadow::Shape, mshadow::Shape, mshadow::Shape, mshadow::Shape, mshadow::Shape, mshadow::Shape, mshadow::Shape, mshadow::Shape, int, bool)
                    1.00%  1.5132ms         1  1.5132ms  1.5132ms  1.5132ms  void mshadow::cuda::SoftmaxKernel<int=8, float, mshadow::expr::Plan<mshadow::Tensor<mshadow::gpu, int=2, float>, float>, mshadow::expr::Plan<mshadow::Tensor<mshadow::gpu, int=2, float>, float>>(mshadow::gpu, int=2, unsigned int)
                    0.92%  1.4046ms        18  78.034us  75.874us  79.234us  maxwell_sgemm_128x64_nn
                    0.83%  1.2685ms        24  52.852us  1.3120us  364.17us  void mshadow::cuda::MapPlanKernel<mshadow::sv::saveto, int=8, mshadow::expr::Plan<mshadow::Tensor<mshadow::gpu, int=2, float>, float>, mshadow::expr::Plan<mshadow::expr::BinaryMapExp<mshadow::op::minus, mshadow::Tensor<mshadow::gpu, int=2, float>, mshadow::expr::BinaryMapExp<mshadow::op::div, mshadow::expr::BinaryMapExp<mshadow::op::mul, mshadow::expr::ScalarExp<float>, mshadow::Tensor<mshadow::gpu, int=2, float>, float, int=1>, mshadow::expr::BinaryMapExp<mshadow::op::plus, mshadow::expr::UnaryMapExp<mxnet::op::mshadow_op::square_root, mshadow::Tensor<mshadow::gpu, int=2, float>, float, int=1>, mshadow::expr::ScalarExp<float>, float, int=1>, float, int=1>, float, int=1>, float>>(mshadow::gpu, unsigned int, mshadow::Shape<int=2>, int=2)
                    0.80%  1.2114ms       108  11.216us  2.4320us  20.192us  void mxnet::op::broadcast::reduce_kernel_M1<mshadow::red::sum, int=2, float, mxnet::op::mshadow_op::identity>(int, bool, float const *, mxnet::op::broadcast::reduce_kernel_M1<mshadow::red::sum, int=2, float, mxnet::op::mshadow_op::identity>*, mshadow::Shape<int=2>, mshadow::Shape)
                    0.76%  1.1573ms       457  2.5320us  1.8560us  19.104us  void mshadow::cuda::MapPlanKernel<mshadow::sv::saveto, int=8, mshadow::expr::Plan<mshadow::Tensor<mshadow::gpu, int=3, float>, float>, mshadow::expr::Plan<mshadow::expr::SliceExp<mshadow::Tensor<mshadow::gpu, int=3, float>, mshadow::gpu, float, int=3, int=2>, float>>(mshadow::gpu, unsigned int, mshadow::Shape<int=2>, int=3)
                    0.73%  1.1043ms        72  15.337us  7.9370us  22.240us  void mxnet::op::broadcast::reduce_kernel<mshadow::red::sum, int=2, float, mshadow::op::identity, int=2>(int, int, bool, float const *, mxnet::op::broadcast::reduce_kernel<mshadow::red::sum, int=2, float, mshadow::op::identity, int=2>*, mshadow::Shape<int=2>, mshadow::Shape, mshadow::Shape, mshadow::Shape, int, bool)
                    0.73%  1.1041ms       458  2.4100us  1.6640us  18.720us  void mshadow::cuda::MapPlanKernel<mshadow::sv::saveto, int=8, mshadow::expr::Plan<mshadow::expr::SliceExp<mshadow::Tensor<mshadow::gpu, int=3, float>, mshadow::gpu, float, int=3, int=2>, float>, mshadow::expr::Plan<mshadow::Tensor<mshadow::gpu, int=3, float>, float>>(mshadow::gpu, unsigned int, mshadow::Shape<int=2>, int=3)
                    0.72%  1.0881ms        72  15.112us  7.6800us  22.273us  void mxnet::op::broadcast::reduce_kernel<mshadow::red::sum, int=2, float, mxnet::op::mshadow_op::negation, int=2>(int, int, bool, float const *, mxnet::op::broadcast::reduce_kernel<mshadow::red::sum, int=2, float, mxnet::op::mshadow_op::negation, int=2>*, mshadow::Shape<int=2>, mshadow::Shape, mshadow::Shape, mshadow::Shape, int, bool)
                    0.69%  1.0435ms       127  8.2160us  4.0000us  21.952us  void mshadow::cuda::MapRedKeepLowestKernel<mshadow::sv::plusto, mshadow::red::sum, int=5, float, mshadow::expr::Plan<mshadow::Tensor<mshadow::gpu, int=1, float>, float>, mshadow::expr::Plan<mshadow::Tensor<mshadow::gpu, int=2, float>, float>>(mshadow::gpu, int=1, float, mshadow::Shape<int=2>)
                    0.67%  1.0160ms        75  13.546us  3.1040us  24.577us  void mshadow::cuda::MapPlanKernel<mshadow::sv::saveto, int=8, mshadow::expr::Plan<mshadow::Tensor<mshadow::gpu, int=2, float>, float>, mshadow::expr::Plan<mshadow::expr::BroadcastWithMultiAxesExp<mshadow::Tensor<mshadow::gpu, int=2, float>, float, int=2>, float>>(mshadow::gpu, unsigned int, mshadow::Shape<int=2>, int=2)
                    0.59%  894.71us        24  37.279us  1.1200us  250.28us  void mshadow::cuda::MapPlanKernel<mshadow::sv::saveto, int=8, mshadow::expr::Plan<mshadow::Tensor<mshadow::gpu, int=2, float>, float>, mshadow::expr::Plan<mshadow::expr::BinaryMapExp<mshadow::op::plus, mshadow::expr::BinaryMapExp<mshadow::op::mul, mshadow::expr::ScalarExp<float>, mshadow::Tensor<mshadow::gpu, int=2, float>, float, int=1>, mshadow::expr::BinaryMapExp<mshadow::op::mul, mshadow::expr::ScalarExp<float>, mshadow::expr::UnaryMapExp<mxnet::op::mshadow_op::square, mshadow::expr::BinaryMapExp<mxnet::op::mshadow_op::clip, mshadow::Tensor<mshadow::gpu, int=2, float>, mshadow::expr::ScalarExp<float>, float, int=1>, float, int=1>, float, int=1>, float, int=1>, float>>(mshadow::gpu, unsigned int, mshadow::Shape<int=2>, int=2)
                    0.59%  892.09us        24  37.170us  1.0880us  249.00us  void mshadow::cuda::MapPlanKernel<mshadow::sv::saveto, int=8, mshadow::expr::Plan<mshadow::Tensor<mshadow::gpu, int=2, float>, float>, mshadow::expr::Plan<mshadow::expr::BinaryMapExp<mshadow::op::plus, mshadow::expr::BinaryMapExp<mshadow::op::mul, mshadow::expr::ScalarExp<float>, mshadow::Tensor<mshadow::gpu, int=2, float>, float, int=1>, mshadow::expr::BinaryMapExp<mshadow::op::mul, mshadow::expr::ScalarExp<float>, mshadow::expr::BinaryMapExp<mxnet::op::mshadow_op::clip, mshadow::Tensor<mshadow::gpu, int=2, float>, mshadow::expr::ScalarExp<float>, float, int=1>, float, int=1>, float, int=1>, float>>(mshadow::gpu, unsigned int, mshadow::Shape<int=2>, int=2)
                    0.59%  890.46us        24  37.102us  1.1520us  248.01us  void mshadow::cuda::MapPlanKernel<mshadow::sv::saveto, int=8, mshadow::expr::Plan<mshadow::Tensor<mshadow::gpu, int=2, float>, float>, mshadow::expr::Plan<mshadow::expr::BinaryMapExp<mshadow::op::plus, mshadow::expr::BinaryMapExp<mshadow::op::mul, mshadow::expr::ScalarExp<float>, mshadow::Tensor<mshadow::gpu, int=2, float>, float, int=1>, mshadow::expr::BinaryMapExp<mshadow::op::mul, mshadow::expr::ScalarExp<float>, mshadow::Tensor<mshadow::gpu, int=2, float>, float, int=1>, float, int=1>, float>>(mshadow::gpu, unsigned int, mshadow::Shape<int=2>, int=2)
                    0.56%  846.85us        72  11.761us  2.6560us  21.057us  void mxnet::op::broadcast::reduce_kernel_M1<mshadow::red::sum, int=2, float, mshadow::op::mul, mxnet::op::mshadow_op::right>(int, bool, float const *, float const , float const , mxnet::op::broadcast::reduce_kernel_M1<mshadow::red::sum, int=2, float, mshadow::op::mul, mxnet::op::mshadow_op::right>*, mshadow::Shape<int=2>, mshadow::Shape, mshadow::Shape, mshadow::Shape)
                    0.55%  841.37us        36  23.371us  12.992us  33.761us  void mxnet::op::broadcast::reduce_kernel<mshadow::red::sum, int=2, float, mxnet::op::mshadow_op::identity, int=2>(int, int, bool, float const *, mxnet::op::broadcast::reduce_kernel<mshadow::red::sum, int=2, float, mxnet::op::mshadow_op::identity, int=2>*, mshadow::Shape<int=2>, mshadow::Shape, mshadow::Shape, mshadow::Shape, int, bool)
                    0.54%  818.97us       152  5.3870us  1.9200us  24.288us  void op_generic_tensor_kernel<int=2, float, float, float, int=256, cudnnGenericOp_t=12, cudnnNanPropagation_t=0, cudnnDimOrder_t=0, int=2>(cudnnTensorStruct, float*, cudnnTensorStruct, float const *, cudnnTensorStruct, float const *, float, float, float, float, dimArray, reducedDivisorArray)
                    0.53%  811.77us         1  811.77us  811.77us  811.77us  void mshadow::cuda::MapPlanLargeKernel<mshadow::sv::saveto, int=8, int=1024, mshadow::expr::Plan<mshadow::Tensor<mshadow::gpu, int=2, float>, float>, mshadow::expr::Plan<mshadow::expr::BinaryMapExp<mshadow::op::minus, mshadow::Tensor<mshadow::gpu, int=2, float>, mshadow::expr::BinaryMapExp<mshadow::op::div, mshadow::expr::BinaryMapExp<mshadow::op::mul, mshadow::expr::ScalarExp<float>, mshadow::Tensor<mshadow::gpu, int=2, float>, float, int=1>, mshadow::expr::BinaryMapExp<mshadow::op::plus, mshadow::expr::UnaryMapExp<mxnet::op::mshadow_op::square_root, mshadow::Tensor<mshadow::gpu, int=2, float>, float, int=1>, mshadow::expr::ScalarExp<float>, float, int=1>, float, int=1>, float, int=1>, float>>(mshadow::gpu, unsigned int, mshadow::Shape<int=2>, int=2, int)
                    0.52%  792.09us       152  5.2110us  2.1120us  21.185us  void op_generic_tensor_kernel<int=2, float, float, float, int=256, cudnnGenericOp_t=7, cudnnNanPropagation_t=0, cudnnDimOrder_t=0, int=1>(cudnnTensorStruct, float*, cudnnTensorStruct, float const *, cudnnTensorStruct, float const *, float, float, float, float, dimArray, reducedDivisorArray)
                    0.52%  787.19us        19  41.431us  26.657us  169.09us  maxwell_sgemm_128x64_nt
                    0.52%  785.53us        18  43.640us  43.266us  44.033us  void gemv2N_kernel_val<float, float, float, int=128, int=8, int=4, int=4, int=1, cublasGemvParams<cublasGemvTensorStridedBatched<float const >, cublasGemvTensorStridedBatched<float>, float>>(float, float, float const )
                    0.50%  766.10us        18  42.561us  42.305us  43.009us  void gemv2T_kernel_val<float, float, float, int=128, int=16, int=2, int=4, bool=0, cublasGemvParams<cublasGemvTensorStridedBatched<float const >, cublasGemvTensorStridedBatched<float>, float>>(float, float, float const )
                    0.48%  724.38us        72  10.060us  2.7200us  17.825us  void mxnet::op::broadcast::binary_broadcast_kernel<int=2, float, mshadow::op::mul, int=2>(int, bool, float const *, float const , mxnet::op::broadcast::binary_broadcast_kernel<int=2, float, mshadow::op::mul, int=2>*, mshadow::Shape<int=2>, mshadow::Shape, mshadow::Shape)
                    0.47%  708.69us        72  9.8420us  2.6240us  17.793us  void mxnet::op::broadcast::binary_broadcast_kernel<int=2, float, mshadow::op::minus, int=2>(int, bool, float const *, float const , mxnet::op::broadcast::binary_broadcast_kernel<int=2, float, mshadow::op::minus, int=2>*, mshadow::Shape<int=2>, mshadow::Shape, mshadow::Shape)
                    0.46%  700.66us        18  38.925us  38.145us  39.745us  void mxnet::op::broadcast::reduce_kernel<mshadow::red::sum, int=4, float, mxnet::op::mshadow_op::identity, int=2>(int, int, bool, float const *, mxnet::op::broadcast::reduce_kernel<mshadow::red::sum, int=4, float, mxnet::op::mshadow_op::identity, int=2>*, mshadow::Shape<int=4>, mshadow::Shape, mshadow::Shape, mshadow::Shape, int, bool)
                    0.45%  678.29us        53  12.797us  2.3360us  32.417us  _ZN5mxnet2op8mxnet_op20mxnet_generic_kernelINS0_3SumEJPfNS_9OpReqTypeES4_S4_S4_EEEviDpT0_
                    0.44%  669.81us        72  9.3020us  2.1440us  18.432us  void mshadow::cuda::MapPlanKernel<mshadow::sv::divto, int=8, mshadow::expr::Plan<mshadow::Tensor<mshadow::gpu, int=1, float>, float>, mshadow::expr::Plan<mshadow::expr::ScalarExp<float>, float>>(mshadow::gpu, unsigned int, mshadow::Shape<int=2>, int=1)
                    0.41%  616.47us         1  616.47us  616.47us  616.47us  void mshadow::cuda::MapPlanLargeKernel<mshadow::sv::plusto, int=8, int=1024, mshadow::expr::Plan<mshadow::Tensor<mshadow::gpu, int=2, float>, float>, mshadow::expr::Plan<mshadow::expr::Broadcast1DExp<mshadow::Tensor<mshadow::gpu, int=1, float>, float, int=2, int=1>, float>>(mshadow::gpu, unsigned int, mshadow::Shape<int=2>, int=2, int)
                    0.40%  605.49us         1  605.49us  605.49us  605.49us  void mshadow::cuda::MapPlanLargeKernel<mshadow::sv::multo, int=8, int=1024, mshadow::expr::Plan<mshadow::Tensor<mshadow::gpu, int=2, float>, float>, mshadow::expr::Plan<mshadow::expr::ScalarExp<float>, float>>(mshadow::gpu, unsigned int, mshadow::Shape<int=2>, int=2, int)
                    0.39%  585.68us         1  585.68us  585.68us  585.68us  void mshadow::cuda::MapPlanLargeKernel<mshadow::sv::saveto, int=8, int=1024, mshadow::expr::Plan<mshadow::Tensor<mshadow::gpu, int=2, float>, float>, mshadow::expr::Plan<mshadow::expr::BinaryMapExp<mshadow::op::plus, mshadow::expr::BinaryMapExp<mshadow::op::mul, mshadow::expr::ScalarExp<float>, mshadow::Tensor<mshadow::gpu, int=2, float>, float, int=1>, mshadow::expr::BinaryMapExp<mshadow::op::mul, mshadow::expr::ScalarExp<float>, mshadow::expr::UnaryMapExp<mxnet::op::mshadow_op::square, mshadow::expr::BinaryMapExp<mxnet::op::mshadow_op::clip, mshadow::Tensor<mshadow::gpu, int=2, float>, mshadow::expr::ScalarExp<float>, float, int=1>, float, int=1>, float, int=1>, float, int=1>, float>>(mshadow::gpu, unsigned int, mshadow::Shape<int=2>, int=2, int)
                    0.38%  583.98us         1  583.98us  583.98us  583.98us  void mshadow::cuda::MapPlanLargeKernel<mshadow::sv::saveto, int=8, int=1024, mshadow::expr::Plan<mshadow::Tensor<mshadow::gpu, int=2, float>, float>, mshadow::expr::Plan<mshadow::expr::BinaryMapExp<mshadow::op::plus, mshadow::expr::BinaryMapExp<mshadow::op::mul, mshadow::expr::ScalarExp<float>, mshadow::Tensor<mshadow::gpu, int=2, float>, float, int=1>, mshadow::expr::BinaryMapExp<mshadow::op::mul, mshadow::expr::ScalarExp<float>, mshadow::expr::BinaryMapExp<mxnet::op::mshadow_op::clip, mshadow::Tensor<mshadow::gpu, int=2, float>, mshadow::expr::ScalarExp<float>, float, int=1>, float, int=1>, float, int=1>, float>>(mshadow::gpu, unsigned int, mshadow::Shape<int=2>, int=2, int)
                    0.38%  581.04us         1  581.04us  581.04us  581.04us  void mshadow::cuda::MapPlanLargeKernel<mshadow::sv::saveto, int=8, int=1024, mshadow::expr::Plan<mshadow::Tensor<mshadow::gpu, int=2, float>, float>, mshadow::expr::Plan<mshadow::expr::BinaryMapExp<mshadow::op::plus, mshadow::expr::BinaryMapExp<mshadow::op::mul, mshadow::expr::ScalarExp<float>, mshadow::Tensor<mshadow::gpu, int=2, float>, float, int=1>, mshadow::expr::BinaryMapExp<mshadow::op::mul, mshadow::expr::ScalarExp<float>, mshadow::Tensor<mshadow::gpu, int=2, float>, float, int=1>, float, int=1>, float>>(mshadow::gpu, unsigned int, mshadow::Shape<int=2>, int=2, int)
                    0.36%  540.62us        18  30.034us  28.929us  30.752us  void mxnet::op::broadcast::reduce_kernel_M1<mshadow::red::sum, int=4, float, mxnet::op::mshadow_op::identity>(int, bool, float const *, mxnet::op::broadcast::reduce_kernel_M1<mshadow::red::sum, int=4, float, mxnet::op::mshadow_op::identity>*, mshadow::Shape<int=4>, mshadow::Shape)
                    0.36%  540.37us       134  4.0320us  3.4240us  5.8240us  void mshadow::cuda::MapPlanKernel<mshadow::sv::plusto, int=8, mshadow::expr::Plan<mshadow::Tensor<mshadow::gpu, int=2, float>, float>, mshadow::expr::Plan<mshadow::expr::Broadcast1DExp<mshadow::Tensor<mshadow::gpu, int=1, float>, float, int=2, int=1>, float>>(mshadow::gpu, unsigned int, mshadow::Shape<int=2>, int=2)
                    0.31%  476.26us       174  2.7370us  2.0800us  5.9520us  void op_generic_tensor_kernel<int=2, float, float, float, int=256, cudnnGenericOp_t=6, cudnnNanPropagation_t=0, cudnnDimOrder_t=0, int=1>(cudnnTensorStruct, float*, cudnnTensorStruct, float const *, cudnnTensorStruct, float const *, float, float, float, float, dimArray, reducedDivisorArray)
                    0.31%  472.05us        36  13.112us  2.3040us  24.193us  _ZN5mxnet2op8mxnet_op20mxnet_generic_kernelINS1_11op_with_reqINS0_9unary_bwdINS0_10mshadow_op11square_gradEEELi1EEEJPfS9_S9_EEEviDpT0_
                    0.30%  457.32us       174  2.6280us  1.9520us  4.8960us  void op_generic_tensor_kernel<int=2, float, float, float, int=256, cudnnGenericOp_t=11, cudnnNanPropagation_t=0, cudnnDimOrder_t=0, int=2>(cudnnTensorStruct, float*, cudnnTensorStruct, float const *, cudnnTensorStruct, float const *, float, float, float, float, dimArray, reducedDivisorArray)
                    0.30%  453.71us         1  453.71us  453.71us  453.71us  void mshadow::cuda::SoftmaxGradKernel<int=8, float, mshadow::expr::Plan<mshadow::Tensor<mshadow::gpu, int=2, float>, float>, mshadow::expr::Plan<mshadow::Tensor<mshadow::gpu, int=2, float>, float>, mshadow::expr::Plan<mshadow::Tensor<mshadow::gpu, int=1, float>, float>>(mshadow::gpu, int=2, float, unsigned int, float)
                    0.28%  431.95us        18  23.997us  23.680us  24.385us  void mxnet::op::broadcast::binary_broadcast_kernel<int=4, float, mshadow::op::plus, int=2>(int, bool, float const *, float const , mxnet::op::broadcast::binary_broadcast_kernel<int=4, float, mshadow::op::plus, int=2>*, mshadow::Shape<int=4>, mshadow::Shape, mshadow::Shape)
                    0.26%  395.95us         8  49.493us  3.8400us  343.24us  void mshadow::cuda::MapRedKeepLowestKernel<mshadow::sv::saveto, mshadow::red::sum, int=5, float, mshadow::expr::Plan<mshadow::Tensor<mshadow::gpu, int=1, float>, float>, mshadow::expr::Plan<mshadow::Tensor<mshadow::gpu, int=2, float>, float>>(mshadow::gpu, int=1, float, mshadow::Shape<int=2>)
                    0.25%  381.87us        36  10.607us  3.2960us  17.984us  void mxnet::op::broadcast::binary_broadcast_kernel<int=2, float, mshadow::op::plus, int=2>(int, bool, float const *, float const , mxnet::op::broadcast::binary_broadcast_kernel<int=2, float, mshadow::op::plus, int=2>*, mshadow::Shape<int=2>, mshadow::Shape, mshadow::Shape)
                    0.23%  351.63us       117  3.0050us  1.0880us  7.4890us  _ZN5mxnet2op8mxnet_op20mxnet_generic_kernelINS1_11op_with_reqIN7mshadow2op4plusELi1EEEJPfS8_S8_EEEviDpT0_
                    0.23%  347.08us         2  173.54us  166.63us  180.45us  void mxnet::op::AddTakeGradLargeBatchKernel<int=4, float, int>(float*, int const *, int const *, int const , int const , mxnet::op::AddTakeGradLargeBatchKernel<int=4, float, int> const *, int, int)
                    0.22%  340.24us       174  1.9550us  1.3440us  7.4570us  _ZN5mxnet2op8mxnet_op20mxnet_generic_kernelINS0_16ElemwiseBinaryOp15BackwardUseInOpINS0_10mshadow_op5rightELi1EEEJPfPKfSA_SA_EEEviDpT0_
                    0.22%  335.37us        21  15.970us  1.0560us  110.12us  _ZN5mxnet2op8mxnet_op20mxnet_generic_kernelINS1_11op_with_reqINS0_10mshadow_op8identityELi1EEEJPfS7_EEEviDpT0_
                    0.22%  334.98us       166  2.0170us  1.0240us  23.873us  _ZN5mxnet2op8mxnet_op20mxnet_generic_kernelINS0_3SumEJPfNS_9OpReqTypeES4_S4_EEEviDpT0_
                    0.21%  322.73us        36  8.9640us  1.8240us  16.608us  _ZN5mxnet2op8mxnet_op20mxnet_generic_kernelINS1_11op_with_reqINS0_10mshadow_op6squareELi1EEEJPfS7_EEEviDpT0_
                    0.21%  320.93us       171  1.8760us  1.3440us  6.6240us  _ZN5mxnet2op8mxnet_op20mxnet_generic_kernelINS0_16ElemwiseBinaryOp15BackwardUseInOpINS0_10mshadow_op4leftELi1EEEJPfPKfSA_SA_EEEviDpT0_
                    0.21%  314.67us       175  1.7980us  1.2160us  8.0640us  _ZN5mxnet2op8mxnet_op20mxnet_generic_kernelINS1_11op_with_reqIN7mshadow2op3mulELi1EEEJPfS8_S8_EEEviDpT0_
                    0.20%  302.98us        76  3.9860us  1.3120us  52.770us  void mshadow::cuda::MapPlanKernel<mshadow::sv::saveto, int=8, mshadow::expr::Plan<mshadow::Tensor<mshadow::gpu, int=5, float>, float>, mshadow::expr::Plan<mshadow::expr::SwapAxisExp<mshadow::Tensor<mshadow::gpu, int=5, float>, float, int=5, int=2, int=1>, float>>(mshadow::gpu, unsigned int, mshadow::Shape<int=2>, int=5)
                    0.16%  248.65us        18  13.813us  13.376us  14.112us  void gemv2N_kernel_val<float, float, float, int=128, int=8, int=4, int=4, int=1, cublasGemvParams<cublasGemvTensor<float const >, cublasGemvTensor<float>, float>>(float, float, float const )
                    0.15%  223.46us        40  5.5860us  3.2640us  24.928us  void mshadow::cuda::MapPlanKernel<mshadow::sv::saveto, int=8, mshadow::expr::Plan<mshadow::Tensor<mshadow::gpu, int=2, float>, float>, mshadow::expr::Plan<mshadow::expr::BinaryMapExp<mshadow::op::mul, mshadow::Tensor<mshadow::gpu, int=2, float>, mshadow::Tensor<mshadow::gpu, int=2, float>, float, int=1>, float>>(mshadow::gpu, unsigned int, mshadow::Shape<int=2>, int=2)
                    0.10%  148.90us        18  8.2720us  7.9360us  8.6080us  void gemmk1_kernel<float, int=256, int=5, bool=0, bool=0, bool=0, bool=0>(cublasGemmk1Params<float>, float const *, float const *, float*)
                    0.09%  131.49us         2  65.746us  41.281us  90.211us  void mshadow::cuda::MapPlanKernel<mshadow::sv::saveto, int=8, mshadow::expr::Plan<mshadow::Tensor<mshadow::gpu, int=2, float>, float>, mshadow::expr::Plan<mshadow::expr::ScalarExp<float>, float>>(mshadow::gpu, unsigned int, mshadow::Shape<int=2>, int=2)
                    0.09%  130.76us        56  2.3340us  1.1200us  13.505us  [CUDA memset]
                    0.08%  124.01us        36  3.4440us  3.3280us  3.5210us  void mxnet::op::mxnet_op::SequenceMaskKernel<int=8, float, float>(mshadow::Tensor<mxnet::op::mxnet_op::SequenceMaskKernel<int=8, float, float>::gpu, int=3, float>, mshadow<mshadow::Tensor, int=1, float>, mxnet::op::mxnet_op::SequenceMaskKernel<int=8, float, float>::gpu)
                    0.07%  105.76us        72  1.4680us  1.2160us  1.6320us  void mshadow::cuda::MapPlanKernel<mshadow::sv::divto, int=8, mshadow::expr::Plan<mshadow::Tensor<mshadow::gpu, int=2, float>, float>, mshadow::expr::Plan<mshadow::expr::ScalarExp<float>, float>>(mshadow::gpu, unsigned int, mshadow::Shape<int=2>, int=2)
                    0.07%  103.11us        20  5.1550us  4.3840us  10.624us  void gen_sequenced<curandStateXORWOW, float, int, __operator_&__(float curand_uniform_noargs<curandStateXORWOW>(curandStateXORWOW*, int))>(curandStateXORWOW*, float*, unsigned long, unsigned long, int)
                    0.07%  98.980us        18  5.4980us  5.2800us  5.7280us  void mxnet::op::mxnet_op::softmax_compute_kernel<int=7, mxnet::op::mxnet_op::softmax_fwd, float, int=2>(float*, float, unsigned int, int, mshadow::Shape<int=2>, mshadow::Shape)
                    0.06%  90.051us        20  4.5020us  3.2000us  16.993us  void mshadow::cuda::MapPlanKernel<mshadow::sv::saveto, int=8, mshadow::expr::Plan<mshadow::Tensor<mshadow::gpu, int=2, float>, float>, mshadow::expr::Plan<mshadow::expr::TypecastExp<float, float, mshadow::expr::BinaryMapExp<mshadow::op::mul, mshadow::expr::BinaryMapExp<mxnet::op::mshadow_op::threshold, mshadow::expr::MakeTensorExp<mshadow::expr::ReshapeExp<mshadow::Tensor<mshadow::gpu, int=1, float>, float, int=2, int=1>, mshadow::Tensor<mshadow::gpu, int=1, float>, int=2, float>, mshadow::expr::ScalarExp<float>, float, int=3>, mshadow::expr::ScalarExp<float>, float, int=3>, int=3>, float>>(mshadow::gpu, unsigned int, mshadow::Shape<int=2>, int=2)
                    0.05%  69.281us        36  1.9240us  1.8880us  2.0160us  _ZN5mxnet2op8mxnet_op20mxnet_generic_kernelINS1_11op_with_reqINS0_9unary_bwdINS0_10mshadow_op27reciprocal_square_root_gradEEELi1EEEJPfS9_S9_EEEviDpT0_
                    0.04%  63.617us        18  3.5340us  3.3600us  4.9600us  void mxnet::op::mxnet_op::softmax_gradient_kernel<int=7, mshadow::op::mul, mxnet::op::mxnet_op::softmax_bwd, float, int=2>(float*, float, float, unsigned int, int, mshadow::Shape<int=2>, mshadow::Shape)
                    0.03%  51.938us        36  1.4420us  1.3440us  1.5680us  _ZN5mxnet2op8mxnet_op20mxnet_generic_kernelINS1_11op_with_reqINS0_10mshadow_op22reciprocal_square_rootELi1EEEJPfS7_EEEviDpT0_
                    0.03%  47.809us        36  1.3280us  1.2800us  1.4720us  void mshadow::cuda::MapPlanKernel<mshadow::sv::saveto, int=8, mshadow::expr::Plan<mshadow::Tensor<mshadow::gpu, int=3, float>, float>, mshadow::expr::Plan<mshadow::expr::UnaryMapExp<mxnet::op::mshadow_op::identity, mshadow::Tensor<mshadow::gpu, int=3, float>, float, int=1>, float>>(mshadow::gpu, unsigned int, mshadow::Shape<int=2>, int=3)
                    0.03%  41.665us         2  20.832us  20.577us  21.088us  _ZN5mxnet2op8mxnet_op20mxnet_generic_kernelINS0_4TakeEJPfS4_S4_jjEEEviDpT0_
                    0.03%  40.768us        36  1.1320us  1.0560us  1.2480us  _ZN5mxnet2op8mxnet_op20mxnet_generic_kernelINS1_11op_with_reqIN7mshadow2op4plusELi1EEEJPfS8_fEEEviDpT0_
                    0.02%  23.713us         2  11.856us  11.777us  11.936us  void cub::DeviceRadixSortSingleTileKernel<cub::DeviceRadixSortPolicy<int, int, int>::Policy620, bool=0, int, int, int>(int const *, cub::DeviceRadixSortSingleTileKernel<cub::DeviceRadixSortPolicy<int, int, int>::Policy620, bool=0, int, int, int>*, cub::DeviceRadixSortPolicy<int, int, int>::Policy620 const *, cub::DeviceRadixSortSingleTileKernel<cub::DeviceRadixSortPolicy<int, int, int>::Policy620, bool=0, int, int, int>**, bool=0, int, int)
                    0.02%  23.617us         3  7.8720us  6.8490us  8.7360us  void mxnet::op::broadcast::reduce_kernel<mshadow::red::sum, int=2, float, mshadow::op::identity, int=1>(int, int, bool, float const *, mxnet::op::broadcast::reduce_kernel<mshadow::red::sum, int=2, float, mshadow::op::identity, int=1>*, mshadow::Shape<int=2>, mshadow::Shape, mshadow::Shape, mshadow::Shape, int, bool)
                    0.01%  8.1600us         6  1.3600us     992ns  1.5680us  void mshadow::cuda::MapPlanKernel<mshadow::sv::saveto, int=8, mshadow::expr::Plan<mshadow::Tensor<mshadow::gpu, int=1, float>, float>, mshadow::expr::Plan<mshadow::expr::ScalarExp<float>, float>>(mshadow::gpu, unsigned int, mshadow::Shape<int=2>, int=1)
                    0.01%  7.8090us         4  1.9520us  1.8570us  1.9840us  [CUDA memcpy HtoD]
                    0.00%  6.4960us         3  2.1650us  1.7920us  2.8480us  [CUDA memcpy DtoH]
                    0.00%  5.8560us         1  5.8560us  5.8560us  5.8560us  _ZN5mxnet2op8mxnet_op20mxnet_generic_kernelINS0_4pickILi2EEEJPfS5_PiiiN7mshadow5ShapeILi2EEES9_EEEviDpT0_
                    0.00%  5.6960us         5  1.1390us  1.0880us  1.2160us  [CUDA memcpy DtoD]
                    0.00%  2.7840us         1  2.7840us  2.7840us  2.7840us  void mxnet::op::broadcast::binary_broadcast_kernel<int=2, float, mxnet::op::mshadow_op::ne, int=2>(int, bool, float const *, float const , mxnet::op::broadcast::binary_broadcast_kernel<int=2, float, mxnet::op::mshadow_op::ne, int=2>*, mshadow::Shape<int=2>, mshadow::Shape, mshadow::Shape)
                    0.00%  2.6880us         2  1.3440us  1.3440us  1.3440us  void mshadow::cuda::MapPlanKernel<mshadow::sv::saveto, int=8, mshadow::expr::Plan<mshadow::Tensor<mshadow::gpu, int=1, int>, int>, mshadow::expr::Plan<mshadow::expr::RangeExp<int>, int>>(mshadow::gpu, unsigned int, mshadow::Shape<int=2>, int=1)
                    0.00%  2.5600us         2  1.2800us  1.2800us  1.2800us  _ZN5mxnet2op8mxnet_op20mxnet_generic_kernelINS0_10tcast_clipEJPiPfiEEEviDpT0_
                    0.00%  1.3760us         1  1.3760us  1.3760us  1.3760us  void mshadow::cuda::MapPlanKernel<mshadow::sv::saveto, int=8, mshadow::expr::Plan<mshadow::Tensor<mshadow::gpu, int=1, int>, int>, mshadow::expr::Plan<mshadow::expr::TypecastExp<int, float, mshadow::Tensor<mshadow::gpu, int=1, float>, int=1>, int>>(mshadow::gpu, unsigned int, mshadow::Shape<int=2>, int=1)
                    0.00%  1.3440us         1  1.3440us  1.3440us  1.3440us  _ZN5mxnet2op8mxnet_op20mxnet_generic_kernelINS1_11op_with_reqINS0_10mshadow_op3logELi1EEEJPfS7_EEEviDpT0_
                    0.00%  1.1200us         1  1.1200us  1.1200us  1.1200us  _ZN5mxnet2op8mxnet_op20mxnet_generic_kernelINS1_11op_with_reqINS0_10mshadow_op2eqELi1EEEJPfS7_fEEEviDpT0_
                    0.00%  1.1200us         1  1.1200us  1.1200us  1.1200us  _ZN5mxnet2op8mxnet_op20mxnet_generic_kernelINS1_11op_with_reqINS0_10mshadow_op6rminusELi1EEEJPfS7_fEEEviDpT0_
                    0.00%  1.0880us         1  1.0880us  1.0880us  1.0880us  _ZN5mxnet2op8mxnet_op20mxnet_generic_kernelINS1_11op_with_reqINS0_10mshadow_op7maximumELi1EEEJPfS7_fEEEviDpT0_
      API calls:   48.67%  1.55890s      4745  328.54us  6.5060us  1.50542s  cudaLaunch
                   47.00%  1.50523s        12  125.44ms  10.125us  1.50437s  cudaMemcpy2DAsync
                    3.72%  119.15ms       486  245.17us  1.9110us  15.897ms  cudaStreamSynchronize
                    0.50%  15.928ms     35101     453ns     102ns  9.5017ms  cudaSetupArgument
                    0.05%  1.7453ms      4745     367ns     145ns  9.1820us  cudaConfigureCall
                    0.02%  538.08us      1696     317ns     193ns  9.1020us  cudaPeekAtLastError
                    0.02%  487.55us        56  8.7060us  4.9980us  25.166us  cudaMemsetAsync
                    0.01%  371.68us      1259     295ns     180ns  2.1350us  cudaGetLastError
                    0.01%  176.71us        56  3.1550us  1.8640us  7.8910us  cudaEventQuery
                    0.00%  103.04us        56  1.8390us  1.1640us  2.9600us  cudaEventRecord
                    0.00%  62.974us        36  1.7490us     379ns  5.9700us  cudaSetDevice
                    0.00%  41.680us        10  4.1680us  2.2120us  7.9330us  cudaFuncGetAttributes
                    0.00%  3.8180us         4     954ns     310ns  1.7540us  cudaGetDevice
                    0.00%  3.7590us         4     939ns     290ns  1.4830us  cudaDeviceGetAttribute
                    0.00%  2.9820us         1  2.9820us  2.9820us  2.9820us  cuDeviceGetCount
