[INFO:sockeye.utils] Sockeye version 1.12.3 commit unknown
[INFO:sockeye.utils] MXNet version 0.12.1
[INFO:sockeye.utils] Command: /home/armageddonknight/Workspace/EcoRNN/EcoNMT/benchmarks/sockeye/sockeye/train.py --source /home/armageddonknight/Workspace/EcoRNN/EcoNMT/benchmarks/sockeye/workspace/data/iwslt15-vi_en/train-preproc.vi --target /home/armageddonknight/Workspace/EcoRNN/EcoNMT/benchmarks/sockeye/workspace/data/iwslt15-vi_en/train-preproc.en --source-vocab /home/armageddonknight/Workspace/EcoRNN/EcoNMT/benchmarks/sockeye/workspace/data/iwslt15-vi_en/vocab.vi --target-vocab /home/armageddonknight/Workspace/EcoRNN/EcoNMT/benchmarks/sockeye/workspace/data/iwslt15-vi_en/vocab.en --validation-source /home/armageddonknight/Workspace/EcoRNN/EcoNMT/benchmarks/sockeye/workspace/data/iwslt15-vi_en/tst2012.vi --validation-target /home/armageddonknight/Workspace/EcoRNN/EcoNMT/benchmarks/sockeye/workspace/data/iwslt15-vi_en/tst2012.en --output /home/armageddonknight/Workspace/EcoRNN/EcoNMT/benchmarks/sockeye/workspace/iwslt15-vi_en --seed=1 --batch-type=sentence --batch-size=80 --bucket-width=10 --checkpoint-frequency=2000 --device-ids=0 --embed-dropout=0.3:0.3 --encoder=rnn --decoder=rnn --num-layers=1:1 --rnn-cell-type=lstm --rnn-num-hidden=1000 --rnn-residual-connections --layer-normalization --rnn-attention-type=mlp --rnn-attention-num-hidden=512 --rnn-attention-use-prev-word --rnn-attention-in-upper-layers --rnn-attention-coverage-num-hidden=1 --rnn-attention-coverage-type=count --rnn-decoder-state-init=zero --rnn-attention-use-prev-word --rnn-dropout-inputs=0:0 --rnn-dropout-states=0.0:0.0 --rnn-dropout-recurrent=0.0:0.0 --rnn-decoder-hidden-dropout=0.3 --fill-up=replicate --max-seq-len=50:50 --loss=cross-entropy --num-embed 500:500 --num-words 50000:50000 --word-min-count 1:1 --optimizer=adam --optimized-metric=perplexity --clip-gradient=1.0 --initial-learning-rate=0.0002 --learning-rate-reduce-num-not-improved=8 --learning-rate-reduce-factor=0.7 --learning-rate-scheduler-type=plateau-reduce --learning-rate-warmup=0 --max-num-checkpoint-not-improved=16 --min-num-epochs=1 --monitor-bleu=500 --keep-last-params=60 --lock-dir /var/lock --use-tensorboard --rnn-attention-partial-fw-prop --max-updates=500
[INFO:sockeye.utils] Arguments: Namespace(batch_size=80, batch_type='sentence', bucket_width=10, checkpoint_frequency=2000, clip_gradient=1.0, cnn_activation_type='glu', cnn_hidden_dropout=0.0, cnn_kernel_width=(3, 5), cnn_num_hidden=512, cnn_positional_embedding_type='learned', cnn_project_qkv=False, conv_embed_add_positional_encodings=False, conv_embed_dropout=0.0, conv_embed_max_filter_width=8, conv_embed_num_filters=(200, 200, 250, 250, 300, 300, 300, 300), conv_embed_num_highway_layers=4, conv_embed_output_dim=None, conv_embed_pool_stride=5, decoder='rnn', device_ids=[0], disable_device_locking=False, embed_dropout=(0.3, 0.3), embed_weight_init='default', encoder='rnn', fill_up='replicate', initial_learning_rate=0.0002, keep_last_params=60, kvstore='device', label_smoothing=0.0, layer_normalization=True, learn_lexical_bias=False, learning_rate_decay_optimizer_states_reset='off', learning_rate_decay_param_reset=False, learning_rate_half_life=10, learning_rate_reduce_factor=0.7, learning_rate_reduce_num_not_improved=8, learning_rate_schedule=None, learning_rate_scheduler_type='plateau-reduce', learning_rate_warmup=0, lexical_bias=None, limit=None, lock_dir='/var/lock', loss='cross-entropy', loss_normalization_type='valid', max_num_checkpoint_not_improved=16, max_num_epochs=None, max_seq_len=(50, 50), max_updates=500, metrics=['perplexity'], min_num_epochs=1, momentum=None, monitor_bleu=500, monitor_pattern=None, monitor_stat_func='mx_default', no_bucketing=False, num_embed=(500, 500), num_layers=(1, 1), num_words=(50000, 50000), optimized_metric='perplexity', optimizer='adam', optimizer_params=None, output='/home/armageddonknight/Workspace/EcoRNN/EcoNMT/benchmarks/sockeye/workspace/iwslt15-vi_en', overwrite_output=False, params=None, quiet=False, rnn_attention_coverage_num_hidden=1, rnn_attention_coverage_type='count', rnn_attention_in_upper_layers=True, rnn_attention_mhdot_heads=None, rnn_attention_num_hidden=512, rnn_attention_partial_fw_prop=True, rnn_attention_type='mlp', rnn_attention_use_prev_word=True, rnn_cell_type='lstm', rnn_context_gating=False, rnn_decoder_hidden_dropout=0.3, rnn_decoder_state_init='zero', rnn_dropout_inputs=(0.0, 0.0), rnn_dropout_recurrent=(0.0, 0.0), rnn_dropout_states=(0.0, 0.0), rnn_encoder_reverse_input=False, rnn_first_residual_layer=2, rnn_forget_bias=0.0, rnn_h2h_init='orthogonal', rnn_num_hidden=1000, rnn_residual_connections=True, seed=1, source='/home/armageddonknight/Workspace/EcoRNN/EcoNMT/benchmarks/sockeye/workspace/data/iwslt15-vi_en/train-preproc.vi', source_vocab='/home/armageddonknight/Workspace/EcoRNN/EcoNMT/benchmarks/sockeye/workspace/data/iwslt15-vi_en/vocab.vi', target='/home/armageddonknight/Workspace/EcoRNN/EcoNMT/benchmarks/sockeye/workspace/data/iwslt15-vi_en/train-preproc.en', target_vocab='/home/armageddonknight/Workspace/EcoRNN/EcoNMT/benchmarks/sockeye/workspace/data/iwslt15-vi_en/vocab.en', transformer_attention_heads=8, transformer_dropout_attention=0.0, transformer_dropout_prepost=0.0, transformer_dropout_relu=0.0, transformer_feed_forward_num_hidden=2048, transformer_model_size=512, transformer_positional_embedding_type='fixed', transformer_postprocess=('drn', 'drn'), transformer_preprocess=('', ''), use_cpu=False, use_fused_rnn=False, use_tensorboard=True, validation_source='/home/armageddonknight/Workspace/EcoRNN/EcoNMT/benchmarks/sockeye/workspace/data/iwslt15-vi_en/tst2012.vi', validation_target='/home/armageddonknight/Workspace/EcoRNN/EcoNMT/benchmarks/sockeye/workspace/data/iwslt15-vi_en/tst2012.en', weight_decay=0.0, weight_init='xavier', weight_init_scale=2.34, weight_init_xavier_factor_type='in', weight_normalization=False, weight_tying=False, weight_tying_type='trg_softmax', word_min_count=(1, 1))
[INFO:sockeye.utils] Attempting to acquire 1 GPUs of 1 GPUs. The requested devices are: [0]
[INFO:sockeye.utils] Acquired GPU 0.
[INFO:__main__] Device(s): GPU [0]
[INFO:sockeye.vocab] Building vocabulary from dataset(s): ['/home/armageddonknight/Workspace/EcoRNN/EcoNMT/benchmarks/sockeye/workspace/data/iwslt15-vi_en/vocab.vi']
[INFO:sockeye.vocab] Initial vocabulary: 7706 types
[INFO:sockeye.vocab] Pruned vocabulary: 7706 types (min frequency 1)
[INFO:sockeye.vocab] Final vocabulary: 7710 types (min frequency 1, top 50000 types)
[INFO:sockeye.vocab] Building vocabulary from dataset(s): ['/home/armageddonknight/Workspace/EcoRNN/EcoNMT/benchmarks/sockeye/workspace/data/iwslt15-vi_en/vocab.en']
[INFO:sockeye.vocab] Initial vocabulary: 17188 types
[INFO:sockeye.vocab] Pruned vocabulary: 17188 types (min frequency 1)
[INFO:sockeye.vocab] Final vocabulary: 17192 types (min frequency 1, top 50000 types)
[INFO:sockeye.vocab] Vocabulary saved to "/home/armageddonknight/Workspace/EcoRNN/EcoNMT/benchmarks/sockeye/workspace/iwslt15-vi_en/vocab.src.json"
[INFO:sockeye.vocab] Vocabulary saved to "/home/armageddonknight/Workspace/EcoRNN/EcoNMT/benchmarks/sockeye/workspace/iwslt15-vi_en/vocab.trg.json"
[INFO:__main__] Vocabulary sizes: source=7710 target=17192
[INFO:sockeye.data_io] Creating train data iterator
[INFO:sockeye.data_io] 133166 source sentences in '/home/armageddonknight/Workspace/EcoRNN/EcoNMT/benchmarks/sockeye/workspace/data/iwslt15-vi_en/train-preproc.vi'
[INFO:sockeye.data_io] 133166 target sentences in '/home/armageddonknight/Workspace/EcoRNN/EcoNMT/benchmarks/sockeye/workspace/data/iwslt15-vi_en/train-preproc.en'
[INFO:sockeye.data_io] Mean training target/source length ratio: 0.91 (+-0.21)
[INFO:sockeye.data_io] Source words: 2548656
[INFO:sockeye.data_io] Target words: 2229748
[INFO:sockeye.data_io] Vocab coverage source: 99%
[INFO:sockeye.data_io] Vocab coverage target: 98%
[INFO:sockeye.data_io] Total: 122154 samples in 6 buckets
[INFO:sockeye.data_io] Bucket of (10, 9) : 16949 samples in 212 batches of 80, approx 565.0 words/batch
[INFO:sockeye.data_io] Bucket of (20, 18) : 47291 samples in 592 batches of 80, approx 1024.0 words/batch
[INFO:sockeye.data_io] Bucket of (30, 27) : 30144 samples in 377 batches of 80, approx 1657.0 words/batch
[INFO:sockeye.data_io] Bucket of (40, 36) : 17519 samples in 219 batches of 80, approx 2283.7 words/batch
[INFO:sockeye.data_io] Bucket of (50, 45) : 9581 samples in 120 batches of 80, approx 2909.8 words/batch
[INFO:sockeye.data_io] Bucket of (50, 50) : 670 samples in 9 batches of 80, approx 3794.5 words/batch
[INFO:sockeye.data_io] 11012 sentence pairs out of buckets
[INFO:sockeye.data_io] fill up mode: replicate
[INFO:sockeye.data_io] 
[INFO:sockeye.data_io] Replicating 11 random sentences from bucket (10, 9) to size it to multiple of 80
[INFO:sockeye.data_io] Replicating 69 random sentences from bucket (20, 18) to size it to multiple of 80
[INFO:sockeye.data_io] Replicating 16 random sentences from bucket (30, 27) to size it to multiple of 80
[INFO:sockeye.data_io] Replicating 1 random sentences from bucket (40, 36) to size it to multiple of 80
[INFO:sockeye.data_io] Replicating 19 random sentences from bucket (50, 45) to size it to multiple of 80
[INFO:sockeye.data_io] Replicating 50 random sentences from bucket (50, 50) to size it to multiple of 80
[INFO:sockeye.data_io] Creating validation data iterator
[INFO:sockeye.data_io] Source words: 30139
[INFO:sockeye.data_io] Target words: 26226
[INFO:sockeye.data_io] Vocab coverage source: 99%
[INFO:sockeye.data_io] Vocab coverage target: 97%
[INFO:sockeye.data_io] Total: 1489 samples in 6 buckets
[INFO:sockeye.data_io] Bucket of (10, 9) : 223 samples in 3 batches of 80, approx 570.4 words/batch
[INFO:sockeye.data_io] Bucket of (20, 18) : 584 samples in 8 batches of 80, approx 1027.0 words/batch
[INFO:sockeye.data_io] Bucket of (30, 27) : 376 samples in 5 batches of 80, approx 1637.0 words/batch
[INFO:sockeye.data_io] Bucket of (40, 36) : 210 samples in 3 batches of 80, approx 2266.7 words/batch
[INFO:sockeye.data_io] Bucket of (50, 45) : 89 samples in 2 batches of 80, approx 2838.7 words/batch
[INFO:sockeye.data_io] Bucket of (50, 50) : 7 samples in 1 batches of 80, approx 3851.4 words/batch
[INFO:sockeye.data_io] 64 sentence pairs out of buckets
[INFO:sockeye.data_io] fill up mode: replicate
[INFO:sockeye.data_io] 
[INFO:sockeye.data_io] Replicating 17 random sentences from bucket (10, 9) to size it to multiple of 80
[INFO:sockeye.data_io] Replicating 56 random sentences from bucket (20, 18) to size it to multiple of 80
[INFO:sockeye.data_io] Replicating 24 random sentences from bucket (30, 27) to size it to multiple of 80
[INFO:sockeye.data_io] Replicating 30 random sentences from bucket (40, 36) to size it to multiple of 80
[INFO:sockeye.data_io] Replicating 71 random sentences from bucket (50, 45) to size it to multiple of 80
[INFO:sockeye.data_io] Replicating 73 random sentences from bucket (50, 50) to size it to multiple of 80
[INFO:sockeye.data_io] 1553 validation source sentences in '/home/armageddonknight/Workspace/EcoRNN/EcoNMT/benchmarks/sockeye/workspace/data/iwslt15-vi_en/train-preproc.vi'
[INFO:sockeye.data_io] 1553 validation target sentences in '/home/armageddonknight/Workspace/EcoRNN/EcoNMT/benchmarks/sockeye/workspace/data/iwslt15-vi_en/train-preproc.en'
[INFO:sockeye.lr_scheduler] Will reduce the learning rate by a factor of 0.70 whenever the validation score doesn't improve 8 times.
[INFO:sockeye.model] Config[_frozen=True, config_data=Config[_frozen=True, length_ratio_mean=0.9064821009611835, length_ratio_std=0.20957507036300008, max_observed_source_seq_len=50, max_observed_target_seq_len=50, source=/home/armageddonknight/Workspace/EcoRNN/EcoNMT/benchmarks/sockeye/workspace/data/iwslt15-vi_en/train-preproc.vi, target=/home/armageddonknight/Workspace/EcoRNN/EcoNMT/benchmarks/sockeye/workspace/data/iwslt15-vi_en/train-preproc.en, validation_source=/home/armageddonknight/Workspace/EcoRNN/EcoNMT/benchmarks/sockeye/workspace/data/iwslt15-vi_en/tst2012.vi, validation_target=/home/armageddonknight/Workspace/EcoRNN/EcoNMT/benchmarks/sockeye/workspace/data/iwslt15-vi_en/tst2012.en, vocab_source=/home/armageddonknight/Workspace/EcoRNN/EcoNMT/benchmarks/sockeye/workspace/data/iwslt15-vi_en/vocab.vi, vocab_target=/home/armageddonknight/Workspace/EcoRNN/EcoNMT/benchmarks/sockeye/workspace/data/iwslt15-vi_en/vocab.en], config_decoder=Config[_frozen=True, attention_config=Config[_frozen=True, config_coverage=None, input_previous_word=True, layer_normalization=True, num_heads=None, num_hidden=512, partial_fw_prop=True, query_num_hidden=1000, source_num_hidden=1000, type=mlp], attention_in_upper_layers=True, context_gating=False, embed_dropout=0.3, hidden_dropout=0.3, layer_normalization=True, max_seq_len_source=50, num_embed=500, rnn_config=Config[_frozen=True, attention_in_upper_layers=False, cell_type=lstm, dropout_inputs=0.0, dropout_recurrent=0.0, dropout_states=0.0, first_residual_layer=2, forget_bias=0.0, num_hidden=1000, num_layers=1, residual=True], state_init=zero, vocab_size=17192, weight_normalization=False, weight_tying=False], config_encoder=Config[_frozen=True, conv_config=None, embed_dropout=0.3, num_embed=500, reverse_input=False, rnn_config=Config[_frozen=True, attention_in_upper_layers=False, cell_type=lstm, dropout_inputs=0.0, dropout_recurrent=0.0, dropout_states=0.0, first_residual_layer=2, forget_bias=0.0, num_hidden=1000, num_layers=1, residual=True], vocab_size=7710], config_loss=Config[_frozen=True, label_smoothing=0.0, name=cross-entropy, normalization_type=valid, vocab_size=17192], learn_lexical_bias=False, lexical_bias=None, max_seq_len_source=50, max_seq_len_target=50, vocab_source_size=7710, vocab_target_size=17192, weight_tying=False, weight_tying_type=None]
[INFO:root] !Important: Partial Forward Propagation will be applied during the Backward Pass.
[INFO:sockeye.loss] Loss: CrossEntropy(normalization_type=valid, label_smoothing=0.0)
[INFO:sockeye.training] Using bucketing. Default max_seq_len=(50, 50)
[INFO:__main__] Optimizer: adam
[INFO:__main__] Optimizer Parameters: {'clip_gradient': 1.0, 'wd': 0.0, 'learning_rate': 0.0002, 'lr_scheduler': LearningRateSchedulerPlateauReduce(reduce_factor=0.70, reduce_num_not_improved=0), 'rescale_grad': 1.0}
[INFO:__main__] kvstore: device
[INFO:sockeye.model] Saved config to "/home/armageddonknight/Workspace/EcoRNN/EcoNMT/benchmarks/sockeye/workspace/iwslt15-vi_en/config"
==23339== NVPROF is profiling process 23339, command: python3 -m sockeye.train --source /home/armageddonknight/Workspace/EcoRNN/EcoNMT/benchmarks/sockeye/workspace/data/iwslt15-vi_en/train-preproc.vi --target /home/armageddonknight/Workspace/EcoRNN/EcoNMT/benchmarks/sockeye/workspace/data/iwslt15-vi_en/train
[INFO:sockeye.training] Model parameters: att_e2h_weight: (512, 1000), att_h2s_weight: (1, 512), att_q2h_weight: (512, 1500), decoder_rnn_cls_bias: (17192,), decoder_rnn_cls_weight: (17192, 1000), decoder_rnn_hidden_bias: (1000,), decoder_rnn_hidden_norm_beta: (1000,), decoder_rnn_hidden_norm_gamma: (1000,), decoder_rnn_hidden_weight: (1000, 2000), decoder_rnn_l0_h2h_bias: (4000,), decoder_rnn_l0_h2h_weight: (4000, 1000), decoder_rnn_l0_i2h_bias: (4000,), decoder_rnn_l0_i2h_weight: (4000, 1500), encoder_birnn_forward_l0_h2h_bias: (2000,), encoder_birnn_forward_l0_h2h_weight: (2000, 500), encoder_birnn_forward_l0_i2h_bias: (2000,), encoder_birnn_forward_l0_i2h_weight: (2000, 500), encoder_birnn_reverse_l0_h2h_bias: (2000,), encoder_birnn_reverse_l0_h2h_weight: (2000, 500), encoder_birnn_reverse_l0_i2h_bias: (2000,), encoder_birnn_reverse_l0_i2h_weight: (2000, 500), source_embed_weight: (7710, 500), target_embed_weight: (17192, 500)
[INFO:sockeye.training] Total # of parameters: 46959704
[INFO:sockeye.checkpoint_decoder] Created CheckpointDecoder(max_input_len=-1, beam_size=5, model=/home/armageddonknight/Workspace/EcoRNN/EcoNMT/benchmarks/sockeye/workspace/iwslt15-vi_en, num_sentences=500)
[INFO:sockeye.training] Training started.
[WARNING:root] The currently installed MXNet version 0.12.1 is less than 1.2.0. Some functionality of MXBoard may not work.
[WARNING:root] The currently installed MXNet version 0.12.1 is less than 1.2.0. Some functionality of MXBoard may not work.
[INFO:sockeye.callback] Logging training events for Tensorboard at '/home/armageddonknight/Workspace/EcoRNN/EcoNMT/benchmarks/sockeye/workspace/iwslt15-vi_en/tensorboard'
[INFO:sockeye.callback] Early stopping by optimizing 'perplexity'
[INFO:root] Epoch[0] Batch [50]	Speed: 363.04 samples/sec	perplexity=1004.842591
[INFO:numba.cuda.cudadrv.driver] init
[INFO:root] Epoch[0] Batch [100]	Speed: 96.01 samples/sec	perplexity=649.105992
[INFO:root] Epoch[0] Batch [150]	Speed: 107.66 samples/sec	perplexity=540.293285
[INFO:root] Epoch[0] Batch [200]	Speed: 345.76 samples/sec	perplexity=478.463190
[INFO:root] Epoch[0] Batch [250]	Speed: 391.73 samples/sec	perplexity=433.919118
[INFO:root] Epoch[0] Batch [300]	Speed: 364.67 samples/sec	perplexity=397.361830
[INFO:root] Epoch[0] Batch [350]	Speed: 375.25 samples/sec	perplexity=365.491596
[INFO:root] Epoch[0] Batch [400]	Speed: 333.85 samples/sec	perplexity=335.358379
[INFO:root] Epoch[0] Batch [450]	Speed: 361.01 samples/sec	perplexity=310.061313
[INFO:sockeye.training] Maximum # of updates (500) or epochs (None) reached.
[INFO:sockeye.training] Training stopped
[INFO:sockeye.training] Training finished. Best checkpoint: 0. Best validation perplexity: inf
[INFO:sockeye.utils] Releasing GPU 0.
==23339== Profiling application: python3 -m sockeye.train --source /home/armageddonknight/Workspace/EcoRNN/EcoNMT/benchmarks/sockeye/workspace/data/iwslt15-vi_en/train-preproc.vi --target /home/armageddonknight/Workspace/EcoRNN/EcoNMT/benchmarks/sockeye/workspace/data/iwslt15-vi_en/train
==23339== Profiling result:
            Type  Time(%)      Time     Calls       Avg       Min       Max  Name
 GPU activities:   44.55%  77.715ms         4  19.429ms  19.283ms  19.567ms  _ZN5mxnet2op8mxnet_op20mxnet_generic_kernelINS0_13ReverseKernelEJPfS4_NS_9OpReqTypeEjjjjPKfEEEviDpT0_
                   11.08%  19.333ms       135  143.21us  51.201us  401.32us  maxwell_sgemm_128x64_tn
                    8.54%  14.904ms       135  110.40us  36.481us  4.9346ms  sgemm_128x128x8_TN_vec
                    5.85%  10.213ms       131  77.960us  29.217us  204.84us  sgemm_32x32x32_NN_vec
                    3.87%  6.7549ms         2  3.3775ms  231.59us  6.5233ms  sgemm_128x128x8_NN_vec
                    3.05%  5.3236ms         1  5.3236ms  5.3236ms  5.3236ms  sgemm_128x128x8_NT_vec
                    2.38%  4.1459ms        36  115.16us  114.08us  116.77us  void mxnet::op::_cuda_fused_mlp_att_scoring_func_forward<float>(float const *, float const , mxnet::op::_cuda_fused_mlp_att_scoring_func_forward<float>*, float const *, float const *, bool)
                    2.15%  3.7462ms        18  208.12us  198.21us  234.09us  void mxnet::op::_cuda_fused_mlp_att_scoring_func_backward<float>(float const *, mxnet::op::_cuda_fused_mlp_att_scoring_func_backward<float>*, float const , float const *, float const , float const , float const , float const , bool)
                    1.44%  2.5184ms        54  46.636us  15.264us  104.10us  sgemm_32x32x32_NT_vec
                    1.01%  1.7684ms        18  98.242us  96.802us  100.61us  maxwell_sgemm_128x64_nn
                    0.91%  1.5887ms         1  1.5887ms  1.5887ms  1.5887ms  void mshadow::cuda::SoftmaxKernel<int=8, float, mshadow::expr::Plan<mshadow::Tensor<mshadow::gpu, int=2, float>, float>, mshadow::expr::Plan<mshadow::Tensor<mshadow::gpu, int=2, float>, float>>(mshadow::gpu, int=2, unsigned int)
                    0.82%  1.4326ms       457  3.1340us  1.9200us  24.225us  void mshadow::cuda::MapPlanKernel<mshadow::sv::saveto, int=8, mshadow::expr::Plan<mshadow::Tensor<mshadow::gpu, int=3, float>, float>, mshadow::expr::Plan<mshadow::expr::SliceExp<mshadow::Tensor<mshadow::gpu, int=3, float>, mshadow::gpu, float, int=3, int=2>, float>>(mshadow::gpu, unsigned int, mshadow::Shape<int=2>, int=3)
                    0.78%  1.3657ms       458  2.9810us  2.2080us  23.104us  void mshadow::cuda::MapPlanKernel<mshadow::sv::saveto, int=8, mshadow::expr::Plan<mshadow::expr::SliceExp<mshadow::Tensor<mshadow::gpu, int=3, float>, mshadow::gpu, float, int=3, int=2>, float>, mshadow::expr::Plan<mshadow::Tensor<mshadow::gpu, int=3, float>, float>>(mshadow::gpu, unsigned int, mshadow::Shape<int=2>, int=3)
                    0.75%  1.3140ms        23  57.131us  1.7280us  375.21us  void mshadow::cuda::MapPlanKernel<mshadow::sv::saveto, int=8, mshadow::expr::Plan<mshadow::Tensor<mshadow::gpu, int=2, float>, float>, mshadow::expr::Plan<mshadow::expr::BinaryMapExp<mshadow::op::minus, mshadow::Tensor<mshadow::gpu, int=2, float>, mshadow::expr::BinaryMapExp<mshadow::op::div, mshadow::expr::BinaryMapExp<mshadow::op::mul, mshadow::expr::ScalarExp<float>, mshadow::Tensor<mshadow::gpu, int=2, float>, float, int=1>, mshadow::expr::BinaryMapExp<mshadow::op::plus, mshadow::expr::UnaryMapExp<mxnet::op::mshadow_op::square_root, mshadow::Tensor<mshadow::gpu, int=2, float>, float, int=1>, mshadow::expr::ScalarExp<float>, float, int=1>, float, int=1>, float, int=1>, float>>(mshadow::gpu, unsigned int, mshadow::Shape<int=2>, int=2)
                    0.68%  1.1813ms       127  9.3010us  4.8320us  22.816us  void mshadow::cuda::MapRedKeepLowestKernel<mshadow::sv::plusto, mshadow::red::sum, int=5, float, mshadow::expr::Plan<mshadow::Tensor<mshadow::gpu, int=1, float>, float>, mshadow::expr::Plan<mshadow::Tensor<mshadow::gpu, int=2, float>, float>>(mshadow::gpu, int=1, float, mshadow::Shape<int=2>)
                    0.53%  928.47us        18  51.581us  51.201us  52.097us  void gemv2N_kernel_val<float, float, float, int=128, int=8, int=4, int=4, int=1, cublasGemvParams<cublasGemvTensorStridedBatched<float const >, cublasGemvTensorStridedBatched<float>, float>>(float, float, float const )
                    0.53%  920.63us        23  40.027us  1.4080us  251.43us  void mshadow::cuda::MapPlanKernel<mshadow::sv::saveto, int=8, mshadow::expr::Plan<mshadow::Tensor<mshadow::gpu, int=2, float>, float>, mshadow::expr::Plan<mshadow::expr::BinaryMapExp<mshadow::op::plus, mshadow::expr::BinaryMapExp<mshadow::op::mul, mshadow::expr::ScalarExp<float>, mshadow::Tensor<mshadow::gpu, int=2, float>, float, int=1>, mshadow::expr::BinaryMapExp<mshadow::op::mul, mshadow::expr::ScalarExp<float>, mshadow::Tensor<mshadow::gpu, int=2, float>, float, int=1>, float, int=1>, float>>(mshadow::gpu, unsigned int, mshadow::Shape<int=2>, int=2)
                    0.52%  912.83us        23  39.688us  1.3760us  253.80us  void mshadow::cuda::MapPlanKernel<mshadow::sv::saveto, int=8, mshadow::expr::Plan<mshadow::Tensor<mshadow::gpu, int=2, float>, float>, mshadow::expr::Plan<mshadow::expr::BinaryMapExp<mshadow::op::plus, mshadow::expr::BinaryMapExp<mshadow::op::mul, mshadow::expr::ScalarExp<float>, mshadow::Tensor<mshadow::gpu, int=2, float>, float, int=1>, mshadow::expr::BinaryMapExp<mshadow::op::mul, mshadow::expr::ScalarExp<float>, mshadow::expr::BinaryMapExp<mxnet::op::mshadow_op::clip, mshadow::Tensor<mshadow::gpu, int=2, float>, mshadow::expr::ScalarExp<float>, float, int=1>, float, int=1>, float, int=1>, float>>(mshadow::gpu, unsigned int, mshadow::Shape<int=2>, int=2)
                    0.52%  900.44us        23  39.149us  1.3760us  250.38us  void mshadow::cuda::MapPlanKernel<mshadow::sv::saveto, int=8, mshadow::expr::Plan<mshadow::Tensor<mshadow::gpu, int=2, float>, float>, mshadow::expr::Plan<mshadow::expr::BinaryMapExp<mshadow::op::plus, mshadow::expr::BinaryMapExp<mshadow::op::mul, mshadow::expr::ScalarExp<float>, mshadow::Tensor<mshadow::gpu, int=2, float>, float, int=1>, mshadow::expr::BinaryMapExp<mshadow::op::mul, mshadow::expr::ScalarExp<float>, mshadow::expr::UnaryMapExp<mxnet::op::mshadow_op::square, mshadow::expr::BinaryMapExp<mxnet::op::mshadow_op::clip, mshadow::Tensor<mshadow::gpu, int=2, float>, mshadow::expr::ScalarExp<float>, float, int=1>, float, int=1>, float, int=1>, float, int=1>, float>>(mshadow::gpu, unsigned int, mshadow::Shape<int=2>, int=2)
                    0.51%  897.15us        19  47.218us  31.360us  214.63us  maxwell_sgemm_128x64_nt
                    0.50%  865.66us         1  865.66us  865.66us  865.66us  void mshadow::cuda::MapPlanLargeKernel<mshadow::sv::saveto, int=8, int=1024, mshadow::expr::Plan<mshadow::Tensor<mshadow::gpu, int=2, float>, float>, mshadow::expr::Plan<mshadow::expr::BinaryMapExp<mshadow::op::minus, mshadow::Tensor<mshadow::gpu, int=2, float>, mshadow::expr::BinaryMapExp<mshadow::op::div, mshadow::expr::BinaryMapExp<mshadow::op::mul, mshadow::expr::ScalarExp<float>, mshadow::Tensor<mshadow::gpu, int=2, float>, float, int=1>, mshadow::expr::BinaryMapExp<mshadow::op::plus, mshadow::expr::UnaryMapExp<mxnet::op::mshadow_op::square_root, mshadow::Tensor<mshadow::gpu, int=2, float>, float, int=1>, mshadow::expr::ScalarExp<float>, float, int=1>, float, int=1>, float, int=1>, float>>(mshadow::gpu, unsigned int, mshadow::Shape<int=2>, int=2, int)
                    0.47%  817.56us        18  45.420us  44.610us  46.497us  void gemv2T_kernel_val<float, float, float, int=128, int=16, int=2, int=4, bool=0, cublasGemvParams<cublasGemvTensorStridedBatched<float const >, cublasGemvTensorStridedBatched<float>, float>>(float, float, float const )
                    0.44%  759.22us        36  21.089us  13.249us  29.249us  void mxnet::op::broadcast::reduce_kernel<mshadow::red::sum, int=2, float, mshadow::op::mul, mxnet::op::mshadow_op::left, int=2>(int, int, bool, float const *, float const , float const , mxnet::op::broadcast::reduce_kernel<mshadow::red::sum, int=2, float, mshadow::op::mul, mxnet::op::mshadow_op::left, int=2>*, mshadow::Shape<int=2>, mshadow::Shape, mshadow::Shape, mshadow::Shape, mshadow::Shape, mshadow::Shape, mshadow::Shape, mshadow::Shape, mshadow::Shape, mshadow::Shape, int, bool)
                    0.37%  652.82us         1  652.82us  652.82us  652.82us  void mshadow::cuda::MapPlanLargeKernel<mshadow::sv::plusto, int=8, int=1024, mshadow::expr::Plan<mshadow::Tensor<mshadow::gpu, int=2, float>, float>, mshadow::expr::Plan<mshadow::expr::Broadcast1DExp<mshadow::Tensor<mshadow::gpu, int=1, float>, float, int=2, int=1>, float>>(mshadow::gpu, unsigned int, mshadow::Shape<int=2>, int=2, int)
                    0.37%  641.33us       134  4.7860us  3.0400us  7.4240us  void mshadow::cuda::MapPlanKernel<mshadow::sv::plusto, int=8, mshadow::expr::Plan<mshadow::Tensor<mshadow::gpu, int=2, float>, float>, mshadow::expr::Plan<mshadow::expr::Broadcast1DExp<mshadow::Tensor<mshadow::gpu, int=1, float>, float, int=2, int=1>, float>>(mshadow::gpu, unsigned int, mshadow::Shape<int=2>, int=2)
                    0.36%  633.78us         1  633.78us  633.78us  633.78us  void mshadow::cuda::MapPlanLargeKernel<mshadow::sv::multo, int=8, int=1024, mshadow::expr::Plan<mshadow::Tensor<mshadow::gpu, int=2, float>, float>, mshadow::expr::Plan<mshadow::expr::ScalarExp<float>, float>>(mshadow::gpu, unsigned int, mshadow::Shape<int=2>, int=2, int)
                    0.35%  608.37us         1  608.37us  608.37us  608.37us  void mshadow::cuda::MapPlanLargeKernel<mshadow::sv::saveto, int=8, int=1024, mshadow::expr::Plan<mshadow::Tensor<mshadow::gpu, int=2, float>, float>, mshadow::expr::Plan<mshadow::expr::BinaryMapExp<mshadow::op::plus, mshadow::expr::BinaryMapExp<mshadow::op::mul, mshadow::expr::ScalarExp<float>, mshadow::Tensor<mshadow::gpu, int=2, float>, float, int=1>, mshadow::expr::BinaryMapExp<mshadow::op::mul, mshadow::expr::ScalarExp<float>, mshadow::expr::BinaryMapExp<mxnet::op::mshadow_op::clip, mshadow::Tensor<mshadow::gpu, int=2, float>, mshadow::expr::ScalarExp<float>, float, int=1>, float, int=1>, float, int=1>, float>>(mshadow::gpu, unsigned int, mshadow::Shape<int=2>, int=2, int)
                    0.35%  604.47us       174  3.4730us  2.5600us  18.753us  void op_generic_tensor_kernel<int=2, float, float, float, int=256, cudnnGenericOp_t=11, cudnnNanPropagation_t=0, cudnnDimOrder_t=0, int=2>(cudnnTensorStruct, float*, cudnnTensorStruct, float const *, cudnnTensorStruct, float const *, float, float, float, float, dimArray, reducedDivisorArray)
                    0.35%  603.73us         1  603.73us  603.73us  603.73us  void mshadow::cuda::MapPlanLargeKernel<mshadow::sv::saveto, int=8, int=1024, mshadow::expr::Plan<mshadow::Tensor<mshadow::gpu, int=2, float>, float>, mshadow::expr::Plan<mshadow::expr::BinaryMapExp<mshadow::op::plus, mshadow::expr::BinaryMapExp<mshadow::op::mul, mshadow::expr::ScalarExp<float>, mshadow::Tensor<mshadow::gpu, int=2, float>, float, int=1>, mshadow::expr::BinaryMapExp<mshadow::op::mul, mshadow::expr::ScalarExp<float>, mshadow::expr::UnaryMapExp<mxnet::op::mshadow_op::square, mshadow::expr::BinaryMapExp<mxnet::op::mshadow_op::clip, mshadow::Tensor<mshadow::gpu, int=2, float>, mshadow::expr::ScalarExp<float>, float, int=1>, float, int=1>, float, int=1>, float, int=1>, float>>(mshadow::gpu, unsigned int, mshadow::Shape<int=2>, int=2, int)
                    0.35%  602.83us         1  602.83us  602.83us  602.83us  void mshadow::cuda::MapPlanLargeKernel<mshadow::sv::saveto, int=8, int=1024, mshadow::expr::Plan<mshadow::Tensor<mshadow::gpu, int=2, float>, float>, mshadow::expr::Plan<mshadow::expr::BinaryMapExp<mshadow::op::plus, mshadow::expr::BinaryMapExp<mshadow::op::mul, mshadow::expr::ScalarExp<float>, mshadow::Tensor<mshadow::gpu, int=2, float>, float, int=1>, mshadow::expr::BinaryMapExp<mshadow::op::mul, mshadow::expr::ScalarExp<float>, mshadow::Tensor<mshadow::gpu, int=2, float>, float, int=1>, float, int=1>, float>>(mshadow::gpu, unsigned int, mshadow::Shape<int=2>, int=2, int)
                    0.34%  590.23us       174  3.3920us  2.6560us  4.7360us  void op_generic_tensor_kernel<int=2, float, float, float, int=256, cudnnGenericOp_t=6, cudnnNanPropagation_t=0, cudnnDimOrder_t=0, int=1>(cudnnTensorStruct, float*, cudnnTensorStruct, float const *, cudnnTensorStruct, float const *, float, float, float, float, dimArray, reducedDivisorArray)
                    0.29%  509.17us       134  3.7990us  2.5920us  5.6640us  void op_generic_tensor_kernel<int=2, float, float, float, int=256, cudnnGenericOp_t=7, cudnnNanPropagation_t=0, cudnnDimOrder_t=0, int=1>(cudnnTensorStruct, float*, cudnnTensorStruct, float const *, cudnnTensorStruct, float const *, float, float, float, float, dimArray, reducedDivisorArray)
                    0.28%  491.31us       134  3.6660us  2.5280us  16.320us  void op_generic_tensor_kernel<int=2, float, float, float, int=256, cudnnGenericOp_t=12, cudnnNanPropagation_t=0, cudnnDimOrder_t=0, int=2>(cudnnTensorStruct, float*, cudnnTensorStruct, float const *, cudnnTensorStruct, float const *, float, float, float, float, dimArray, reducedDivisorArray)
                    0.26%  456.72us         1  456.72us  456.72us  456.72us  void mshadow::cuda::SoftmaxGradKernel<int=8, float, mshadow::expr::Plan<mshadow::Tensor<mshadow::gpu, int=2, float>, float>, mshadow::expr::Plan<mshadow::Tensor<mshadow::gpu, int=2, float>, float>, mshadow::expr::Plan<mshadow::Tensor<mshadow::gpu, int=1, float>, float>>(mshadow::gpu, int=2, float, unsigned int, float)
                    0.24%  414.76us         8  51.845us  4.6080us  354.15us  void mshadow::cuda::MapRedKeepLowestKernel<mshadow::sv::saveto, mshadow::red::sum, int=5, float, mshadow::expr::Plan<mshadow::Tensor<mshadow::gpu, int=1, float>, float>, mshadow::expr::Plan<mshadow::Tensor<mshadow::gpu, int=2, float>, float>>(mshadow::gpu, int=1, float, mshadow::Shape<int=2>)
                    0.24%  412.84us         2  206.42us  198.05us  214.79us  void mxnet::op::AddTakeGradLargeBatchKernel<int=4, float, int>(float*, int const *, int const *, int const , int const , mxnet::op::AddTakeGradLargeBatchKernel<int=4, float, int> const *, int, int)
                    0.23%  401.90us        36  11.163us  9.9840us  12.416us  void mxnet::op::broadcast::reduce_kernel<mshadow::red::sum, int=2, float, mxnet::op::mshadow_op::negation, int=2>(int, int, bool, float const *, mxnet::op::broadcast::reduce_kernel<mshadow::red::sum, int=2, float, mxnet::op::mshadow_op::negation, int=2>*, mshadow::Shape<int=2>, mshadow::Shape, mshadow::Shape, mshadow::Shape, int, bool)
                    0.23%  401.90us       174  2.3090us  1.6640us  9.0880us  _ZN5mxnet2op8mxnet_op20mxnet_generic_kernelINS0_16ElemwiseBinaryOp15BackwardUseInOpINS0_10mshadow_op5rightELi1EEEJPfPKfSA_SA_EEEviDpT0_
                    0.23%  401.58us        36  11.154us  10.112us  12.257us  void mxnet::op::broadcast::reduce_kernel<mshadow::red::sum, int=2, float, mshadow::op::identity, int=2>(int, int, bool, float const *, mxnet::op::broadcast::reduce_kernel<mshadow::red::sum, int=2, float, mshadow::op::identity, int=2>*, mshadow::Shape<int=2>, mshadow::Shape, mshadow::Shape, mshadow::Shape, int, bool)
                    0.23%  398.89us       117  3.4090us  1.4400us  7.5530us  _ZN5mxnet2op8mxnet_op20mxnet_generic_kernelINS1_11op_with_reqIN7mshadow2op4plusELi1EEEJPfS8_S8_EEEviDpT0_
                    0.22%  390.00us       171  2.2800us  1.6640us  10.112us  _ZN5mxnet2op8mxnet_op20mxnet_generic_kernelINS0_16ElemwiseBinaryOp15BackwardUseInOpINS0_10mshadow_op4leftELi1EEEJPfPKfSA_SA_EEEviDpT0_
                    0.22%  383.56us       175  2.1910us  1.5360us  3.5530us  _ZN5mxnet2op8mxnet_op20mxnet_generic_kernelINS1_11op_with_reqIN7mshadow2op3mulELi1EEEJPfS8_S8_EEEviDpT0_
                    0.22%  380.14us        76  5.0010us  1.5680us  66.722us  void mshadow::cuda::MapPlanKernel<mshadow::sv::saveto, int=8, mshadow::expr::Plan<mshadow::Tensor<mshadow::gpu, int=5, float>, float>, mshadow::expr::Plan<mshadow::expr::SwapAxisExp<mshadow::Tensor<mshadow::gpu, int=5, float>, float, int=5, int=2, int=1>, float>>(mshadow::gpu, unsigned int, mshadow::Shape<int=2>, int=5)
                    0.22%  375.08us       148  2.5340us  1.4400us  23.584us  _ZN5mxnet2op8mxnet_op20mxnet_generic_kernelINS0_3SumEJPfNS_9OpReqTypeES4_S4_EEEviDpT0_
                    0.19%  331.27us        19  17.435us  1.1840us  109.19us  _ZN5mxnet2op8mxnet_op20mxnet_generic_kernelINS1_11op_with_reqINS0_10mshadow_op8identityELi1EEEJPfS7_EEEviDpT0_
                    0.17%  297.32us        18  16.517us  16.160us  16.737us  void mxnet::op::broadcast::reduce_kernel<mshadow::red::sum, int=2, float, mxnet::op::mshadow_op::identity, int=2>(int, int, bool, float const *, mxnet::op::broadcast::reduce_kernel<mshadow::red::sum, int=2, float, mxnet::op::mshadow_op::identity, int=2>*, mshadow::Shape<int=2>, mshadow::Shape, mshadow::Shape, mshadow::Shape, int, bool)
                    0.16%  278.92us        18  15.495us  14.657us  15.808us  void gemv2N_kernel_val<float, float, float, int=128, int=8, int=4, int=4, int=1, cublasGemvParams<cublasGemvTensor<float const >, cublasGemvTensor<float>, float>>(float, float, float const )
                    0.15%  260.52us        40  6.5130us  4.1920us  25.793us  void mshadow::cuda::MapPlanKernel<mshadow::sv::saveto, int=8, mshadow::expr::Plan<mshadow::Tensor<mshadow::gpu, int=2, float>, float>, mshadow::expr::Plan<mshadow::expr::BinaryMapExp<mshadow::op::mul, mshadow::Tensor<mshadow::gpu, int=2, float>, mshadow::Tensor<mshadow::gpu, int=2, float>, float, int=1>, float>>(mshadow::gpu, unsigned int, mshadow::Shape<int=2>, int=2)
                    0.11%  191.68us        54  3.5490us  3.0720us  7.5840us  void mxnet::op::broadcast::reduce_kernel_M1<mshadow::red::sum, int=2, float, mxnet::op::mshadow_op::identity>(int, bool, float const *, mxnet::op::broadcast::reduce_kernel_M1<mshadow::red::sum, int=2, float, mxnet::op::mshadow_op::identity>*, mshadow::Shape<int=2>, mshadow::Shape)
                    0.11%  191.17us        39  4.9010us  4.1920us  6.3360us  void mshadow::cuda::MapPlanKernel<mshadow::sv::saveto, int=8, mshadow::expr::Plan<mshadow::Tensor<mshadow::gpu, int=2, float>, float>, mshadow::expr::Plan<mshadow::expr::BroadcastWithMultiAxesExp<mshadow::Tensor<mshadow::gpu, int=2, float>, float, int=2>, float>>(mshadow::gpu, unsigned int, mshadow::Shape<int=2>, int=2)
                    0.10%  171.17us         2  85.586us  53.601us  117.57us  void mshadow::cuda::MapPlanKernel<mshadow::sv::saveto, int=8, mshadow::expr::Plan<mshadow::Tensor<mshadow::gpu, int=2, float>, float>, mshadow::expr::Plan<mshadow::expr::ScalarExp<float>, float>>(mshadow::gpu, unsigned int, mshadow::Shape<int=2>, int=2)
                    0.09%  156.45us        18  8.6910us  8.3840us  8.9600us  void gemmk1_kernel<float, int=256, int=5, bool=0, bool=0, bool=0, bool=0>(cublasGemmk1Params<float>, float const *, float const *, float*)
                    0.09%  152.39us        36  4.2320us  4.1920us  4.3200us  void mxnet::op::mxnet_op::SequenceMaskKernel<int=8, float, float>(mshadow::Tensor<mxnet::op::mxnet_op::SequenceMaskKernel<int=8, float, float>::gpu, int=3, float>, mshadow<mshadow::Tensor, int=1, float>, mxnet::op::mxnet_op::SequenceMaskKernel<int=8, float, float>::gpu)
                    0.08%  144.87us        36  4.0240us  3.4240us  5.3130us  void mxnet::op::broadcast::reduce_kernel_M1<mshadow::red::sum, int=2, float, mshadow::op::mul, mxnet::op::mshadow_op::right>(int, bool, float const *, float const , float const , mxnet::op::broadcast::reduce_kernel_M1<mshadow::red::sum, int=2, float, mshadow::op::mul, mxnet::op::mshadow_op::right>*, mshadow::Shape<int=2>, mshadow::Shape, mshadow::Shape, mshadow::Shape)
                    0.08%  135.20us        36  3.7550us  3.5520us  4.0320us  void mxnet::op::broadcast::binary_broadcast_kernel<int=2, float, mshadow::op::mul, int=2>(int, bool, float const *, float const , mxnet::op::broadcast::binary_broadcast_kernel<int=2, float, mshadow::op::mul, int=2>*, mshadow::Shape<int=2>, mshadow::Shape, mshadow::Shape)
                    0.08%  131.94us        36  3.6650us  3.3920us  3.9690us  void mxnet::op::broadcast::binary_broadcast_kernel<int=2, float, mshadow::op::minus, int=2>(int, bool, float const *, float const , mxnet::op::broadcast::binary_broadcast_kernel<int=2, float, mshadow::op::minus, int=2>*, mshadow::Shape<int=2>, mshadow::Shape, mshadow::Shape)
                    0.07%  122.79us        18  6.8210us  6.6560us  7.2650us  void mxnet::op::mxnet_op::softmax_compute_kernel<int=7, mxnet::op::mxnet_op::softmax_fwd, float, int=2>(float*, float, unsigned int, int, mshadow::Shape<int=2>, mshadow::Shape)
                    0.07%  121.32us        20  6.0650us  5.4400us  11.009us  void gen_sequenced<curandStateXORWOW, float, int, __operator_&__(float curand_uniform_noargs<curandStateXORWOW>(curandStateXORWOW*, int))>(curandStateXORWOW*, float*, unsigned long, unsigned long, int)
                    0.07%  117.09us        75  1.5610us  1.1840us  6.6560us  [CUDA memset]
                    0.07%  115.84us        35  3.3090us  2.8160us  5.0560us  _ZN5mxnet2op8mxnet_op20mxnet_generic_kernelINS0_3SumEJPfNS_9OpReqTypeES4_S4_S4_EEEviDpT0_
                    0.07%  114.24us        36  3.1730us  2.7520us  3.7760us  void mshadow::cuda::MapPlanKernel<mshadow::sv::divto, int=8, mshadow::expr::Plan<mshadow::Tensor<mshadow::gpu, int=1, float>, float>, mshadow::expr::Plan<mshadow::expr::ScalarExp<float>, float>>(mshadow::gpu, unsigned int, mshadow::Shape<int=2>, int=1)
                    0.06%  109.95us        20  5.4970us  4.0000us  18.400us  void mshadow::cuda::MapPlanKernel<mshadow::sv::saveto, int=8, mshadow::expr::Plan<mshadow::Tensor<mshadow::gpu, int=2, float>, float>, mshadow::expr::Plan<mshadow::expr::TypecastExp<float, float, mshadow::expr::BinaryMapExp<mshadow::op::mul, mshadow::expr::BinaryMapExp<mxnet::op::mshadow_op::threshold, mshadow::expr::MakeTensorExp<mshadow::expr::ReshapeExp<mshadow::Tensor<mshadow::gpu, int=1, float>, float, int=2, int=1>, mshadow::Tensor<mshadow::gpu, int=1, float>, int=2, float>, mshadow::expr::ScalarExp<float>, float, int=3>, mshadow::expr::ScalarExp<float>, float, int=3>, int=3>, float>>(mshadow::gpu, unsigned int, mshadow::Shape<int=2>, int=2)
                    0.04%  76.227us        18  4.2340us  4.1280us  4.4160us  void mxnet::op::mxnet_op::softmax_gradient_kernel<int=7, mshadow::op::mul, mxnet::op::mxnet_op::softmax_bwd, float, int=2>(float*, float, float, unsigned int, int, mshadow::Shape<int=2>, mshadow::Shape)
                    0.04%  76.194us        18  4.2330us  4.1280us  4.3840us  void mxnet::op::broadcast::binary_broadcast_kernel<int=2, float, mshadow::op::plus, int=2>(int, bool, float const *, float const , mxnet::op::broadcast::binary_broadcast_kernel<int=2, float, mshadow::op::plus, int=2>*, mshadow::Shape<int=2>, mshadow::Shape, mshadow::Shape)
                    0.04%  66.432us        36  1.8450us  1.6000us  2.1440us  void mshadow::cuda::MapPlanKernel<mshadow::sv::divto, int=8, mshadow::expr::Plan<mshadow::Tensor<mshadow::gpu, int=2, float>, float>, mshadow::expr::Plan<mshadow::expr::ScalarExp<float>, float>>(mshadow::gpu, unsigned int, mshadow::Shape<int=2>, int=2)
                    0.03%  53.793us        36  1.4940us  1.4720us  1.6320us  void mshadow::cuda::MapPlanKernel<mshadow::sv::saveto, int=8, mshadow::expr::Plan<mshadow::Tensor<mshadow::gpu, int=3, float>, float>, mshadow::expr::Plan<mshadow::expr::UnaryMapExp<mxnet::op::mshadow_op::identity, mshadow::Tensor<mshadow::gpu, int=3, float>, float, int=1>, float>>(mshadow::gpu, unsigned int, mshadow::Shape<int=2>, int=3)
                    0.03%  51.811us        18  2.8780us  2.7200us  3.1360us  _ZN5mxnet2op8mxnet_op20mxnet_generic_kernelINS1_11op_with_reqINS0_9unary_bwdINS0_10mshadow_op11square_gradEEELi1EEEJPfS9_S9_EEEviDpT0_
                    0.03%  50.240us        18  2.7910us  2.4640us  7.2000us  _ZN5mxnet2op8mxnet_op20mxnet_generic_kernelINS1_11op_with_reqINS0_9unary_bwdINS0_10mshadow_op27reciprocal_square_root_gradEEELi1EEEJPfS9_S9_EEEviDpT0_
                    0.03%  43.618us         2  21.809us  19.041us  24.577us  _ZN5mxnet2op8mxnet_op20mxnet_generic_kernelINS0_4TakeEJPfS4_S4_jjEEEviDpT0_
                    0.02%  42.850us        18  2.3800us  2.3040us  2.4640us  _ZN5mxnet2op8mxnet_op20mxnet_generic_kernelINS1_11op_with_reqINS0_10mshadow_op6squareELi1EEEJPfS7_EEEviDpT0_
                    0.02%  33.601us        18  1.8660us  1.8560us  1.9200us  _ZN5mxnet2op8mxnet_op20mxnet_generic_kernelINS1_11op_with_reqINS0_10mshadow_op22reciprocal_square_rootELi1EEEJPfS7_EEEviDpT0_
                    0.02%  28.802us         2  14.401us  14.369us  14.433us  void cub::DeviceRadixSortSingleTileKernel<cub::DeviceRadixSortPolicy<int, int, int>::Policy620, bool=0, int, int, int>(int const *, cub::DeviceRadixSortSingleTileKernel<cub::DeviceRadixSortPolicy<int, int, int>::Policy620, bool=0, int, int, int>*, cub::DeviceRadixSortPolicy<int, int, int>::Policy620 const *, cub::DeviceRadixSortSingleTileKernel<cub::DeviceRadixSortPolicy<int, int, int>::Policy620, bool=0, int, int, int>**, bool=0, int, int)
                    0.02%  28.224us         3  9.4080us  8.1600us  10.976us  void mxnet::op::broadcast::reduce_kernel<mshadow::red::sum, int=2, float, mshadow::op::identity, int=1>(int, int, bool, float const *, mxnet::op::broadcast::reduce_kernel<mshadow::red::sum, int=2, float, mshadow::op::identity, int=1>*, mshadow::Shape<int=2>, mshadow::Shape, mshadow::Shape, mshadow::Shape, int, bool)
                    0.02%  26.881us        18  1.4930us  1.4720us  1.5680us  _ZN5mxnet2op8mxnet_op20mxnet_generic_kernelINS1_11op_with_reqIN7mshadow2op4plusELi1EEEJPfS8_fEEEviDpT0_
                    0.01%  9.9520us         6  1.6580us  1.0240us  2.0160us  void mshadow::cuda::MapPlanKernel<mshadow::sv::saveto, int=8, mshadow::expr::Plan<mshadow::Tensor<mshadow::gpu, int=1, float>, float>, mshadow::expr::Plan<mshadow::expr::ScalarExp<float>, float>>(mshadow::gpu, unsigned int, mshadow::Shape<int=2>, int=1)
                    0.00%  7.8720us         4  1.9680us  1.9520us  1.9840us  [CUDA memcpy HtoD]
                    0.00%  6.8480us         3  2.2820us  1.9200us  2.9120us  [CUDA memcpy DtoH]
                    0.00%  6.3360us         5  1.2670us  1.1200us  1.4080us  [CUDA memcpy DtoD]
                    0.00%  3.7440us         2  1.8720us  1.8560us  1.8880us  void mshadow::cuda::MapPlanKernel<mshadow::sv::saveto, int=8, mshadow::expr::Plan<mshadow::Tensor<mshadow::gpu, int=1, int>, int>, mshadow::expr::Plan<mshadow::expr::RangeExp<int>, int>>(mshadow::gpu, unsigned int, mshadow::Shape<int=2>, int=1)
                    0.00%  3.2000us         2  1.6000us  1.6000us  1.6000us  _ZN5mxnet2op8mxnet_op20mxnet_generic_kernelINS0_10tcast_clipEJPiPfiEEEviDpT0_
                    0.00%  3.1040us         1  3.1040us  3.1040us  3.1040us  _ZN5mxnet2op8mxnet_op20mxnet_generic_kernelINS0_4pickILi2EEEJPfS5_PiiiN7mshadow5ShapeILi2EEES9_EEEviDpT0_
                    0.00%  2.5920us         1  2.5920us  2.5920us  2.5920us  void mxnet::op::broadcast::binary_broadcast_kernel<int=2, float, mxnet::op::mshadow_op::ne, int=2>(int, bool, float const *, float const , mxnet::op::broadcast::binary_broadcast_kernel<int=2, float, mxnet::op::mshadow_op::ne, int=2>*, mshadow::Shape<int=2>, mshadow::Shape, mshadow::Shape)
                    0.00%  1.7280us         1  1.7280us  1.7280us  1.7280us  _ZN5mxnet2op8mxnet_op20mxnet_generic_kernelINS1_11op_with_reqINS0_10mshadow_op3logELi1EEEJPfS7_EEEviDpT0_
                    0.00%  1.6000us         1  1.6000us  1.6000us  1.6000us  _ZN5mxnet2op8mxnet_op20mxnet_generic_kernelINS1_11op_with_reqINS0_10mshadow_op6rminusELi1EEEJPfS7_fEEEviDpT0_
                    0.00%  1.4720us         1  1.4720us  1.4720us  1.4720us  void mshadow::cuda::MapPlanKernel<mshadow::sv::saveto, int=8, mshadow::expr::Plan<mshadow::Tensor<mshadow::gpu, int=1, int>, int>, mshadow::expr::Plan<mshadow::expr::TypecastExp<int, float, mshadow::Tensor<mshadow::gpu, int=1, float>, int=1>, int>>(mshadow::gpu, unsigned int, mshadow::Shape<int=2>, int=1)
                    0.00%  1.4080us         1  1.4080us  1.4080us  1.4080us  _ZN5mxnet2op8mxnet_op20mxnet_generic_kernelINS1_11op_with_reqINS0_10mshadow_op7maximumELi1EEEJPfS7_fEEEviDpT0_
                    0.00%  1.1200us         1  1.1200us  1.1200us  1.1200us  _ZN5mxnet2op8mxnet_op20mxnet_generic_kernelINS1_11op_with_reqINS0_10mshadow_op2eqELi1EEEJPfS7_fEEEviDpT0_
      API calls:   51.51%  5.56535s        12  463.78ms  11.219us  2.04025s  cudaMemcpy2DAsync
                   24.08%  2.60202s      4163  625.04us  6.4160us  2.03997s  cudaLaunch
                   14.73%  1.59116s       421  3.7795ms  1.5200us  526.18ms  cudaStreamSynchronize
                    3.91%  422.76ms        75  5.6368ms  4.9890us  400.87ms  cudaMemsetAsync
                    2.20%  237.90ms        36  6.6084ms     344ns  225.42ms  cudaSetDevice
                    1.31%  141.37ms      4163  33.959us     141ns  88.812ms  cudaConfigureCall
                    1.09%  117.89ms        56  2.1051ms  1.7710us  117.64ms  cudaEventQuery
                    0.49%  53.340ms        10  5.3340ms  2.6070us  53.277ms  cudaFuncGetAttributes
                    0.34%  37.057ms         4  9.2642ms     295ns  37.055ms  cudaDeviceGetAttribute
                    0.27%  28.884ms      1223  23.616us     186ns  14.263ms  cudaGetLastError
                    0.05%  5.9005ms     30543     193ns     103ns  10.754us  cudaSetupArgument
                    0.01%  562.63us      1584     355ns     188ns  9.1700us  cudaPeekAtLastError
                    0.00%  223.93us        56  3.9980us  1.1270us  75.442us  cudaEventRecord
                    0.00%  5.5360us         4  1.3840us     386ns  2.7930us  cudaGetDevice
                    0.00%  3.0960us         1  3.0960us  3.0960us  3.0960us  cuDeviceGetCount
